{"/home/travis/build/npmtest/node-npmtest-jslint/test.js":{"path":"/home/travis/build/npmtest/node-npmtest-jslint/test.js","s":{"1":2,"2":2,"3":2,"4":2,"5":2,"6":2,"7":2,"8":1,"9":2,"10":2,"11":1,"12":1,"13":1,"14":1,"15":2,"16":2,"17":2,"18":2,"19":1,"20":1,"21":2,"22":2,"23":2,"24":1,"25":1,"26":1,"27":1,"28":1,"29":1,"30":1,"31":1,"32":1,"33":1,"34":1,"35":1,"36":1,"37":2,"38":2,"39":1,"40":2,"41":2,"42":1,"43":2,"44":2,"45":1,"46":2,"47":2,"48":1,"49":1,"50":1,"51":1,"52":1},"b":{"1":[2,1,1,1],"2":[1,1,1,1],"3":[1,1],"4":[1,1],"5":[1,1],"6":[1,1],"7":[1,1],"8":[1,1],"9":[1,1,1],"10":[1,1],"11":[1,1],"12":[1,1],"13":[1,1],"14":[1,1],"15":[1,1],"16":[1,1]},"f":{"1":2,"2":2,"3":2,"4":2,"5":2,"6":1,"7":1,"8":2,"9":2,"10":2,"11":2,"12":1},"fnMap":{"1":{"name":"(anonymous_1)","line":12,"loc":{"start":{"line":12,"column":1},"end":{"line":12,"column":13}}},"2":{"name":"(anonymous_2)","line":19,"loc":{"start":{"line":19,"column":5},"end":{"line":19,"column":17}}},"3":{"name":"(anonymous_3)","line":23,"loc":{"start":{"line":23,"column":24},"end":{"line":23,"column":36}}},"4":{"name":"(anonymous_4)","line":61,"loc":{"start":{"line":61,"column":5},"end":{"line":61,"column":17}}},"5":{"name":"(anonymous_5)","line":82,"loc":{"start":{"line":82,"column":5},"end":{"line":82,"column":17}}},"6":{"name":"(anonymous_6)","line":102,"loc":{"start":{"line":102,"column":83},"end":{"line":105,"column":10}},"skip":true},"7":{"name":"(anonymous_7)","line":113,"loc":{"start":{"line":113,"column":77},"end":{"line":116,"column":10}},"skip":true},"8":{"name":"(anonymous_8)","line":129,"loc":{"start":{"line":129,"column":12},"end":{"line":129,"column":40}},"skip":true},"9":{"name":"(anonymous_9)","line":137,"loc":{"start":{"line":137,"column":77},"end":{"line":140,"column":10}},"skip":true},"10":{"name":"(anonymous_10)","line":148,"loc":{"start":{"line":148,"column":83},"end":{"line":151,"column":10}},"skip":true},"11":{"name":"(anonymous_11)","line":159,"loc":{"start":{"line":159,"column":79},"end":{"line":162,"column":10}},"skip":true},"12":{"name":"(anonymous_12)","line":170,"loc":{"start":{"line":170,"column":75},"end":{"line":173,"column":10}},"skip":true}},"statementMap":{"1":{"start":{"line":12,"column":0},"end":{"line":185,"column":5}},"2":{"start":{"line":14,"column":4},"end":{"line":14,"column":14}},"3":{"start":{"line":19,"column":4},"end":{"line":56,"column":9}},"4":{"start":{"line":21,"column":8},"end":{"line":21,"column":19}},"5":{"start":{"line":23,"column":8},"end":{"line":35,"column":13}},"6":{"start":{"line":24,"column":12},"end":{"line":34,"column":13}},"7":{"start":{"line":25,"column":16},"end":{"line":28,"column":30}},"8":{"start":{"line":30,"column":16},"end":{"line":33,"column":27}},"9":{"start":{"line":37,"column":8},"end":{"line":39,"column":21}},"10":{"start":{"line":40,"column":8},"end":{"line":53,"column":9}},"11":{"start":{"line":43,"column":12},"end":{"line":46,"column":14}},"12":{"start":{"line":47,"column":12},"end":{"line":47,"column":18}},"13":{"start":{"line":50,"column":12},"end":{"line":51,"column":46}},"14":{"start":{"line":52,"column":12},"end":{"line":52,"column":18}},"15":{"start":{"line":55,"column":8},"end":{"line":55,"column":35}},"16":{"start":{"line":61,"column":4},"end":{"line":63,"column":9}},"17":{"start":{"line":62,"column":8},"end":{"line":62,"column":15}},"18":{"start":{"line":64,"column":4},"end":{"line":77,"column":5}},"19":{"start":{"line":70,"column":8},"end":{"line":70,"column":14}},"20":{"start":{"line":76,"column":8},"end":{"line":76,"column":14}},"21":{"start":{"line":82,"column":4},"end":{"line":84,"column":9}},"22":{"start":{"line":83,"column":8},"end":{"line":83,"column":15}},"23":{"start":{"line":85,"column":4},"end":{"line":184,"column":5}},"24":{"start":{"line":92,"column":8},"end":{"line":94,"column":63}},"25":{"start":{"line":95,"column":8},"end":{"line":95,"column":14}},"26":{"start":{"line":102,"column":8},"end":{"line":111,"column":10},"skip":true},"27":{"start":{"line":109,"column":12},"end":{"line":109,"column":55},"skip":true},"28":{"start":{"line":110,"column":12},"end":{"line":110,"column":48},"skip":true},"29":{"start":{"line":113,"column":8},"end":{"line":126,"column":10},"skip":true},"30":{"start":{"line":120,"column":12},"end":{"line":120,"column":76},"skip":true},"31":{"start":{"line":121,"column":12},"end":{"line":121,"column":73},"skip":true},"32":{"start":{"line":122,"column":12},"end":{"line":122,"column":74},"skip":true},"33":{"start":{"line":123,"column":12},"end":{"line":123,"column":79},"skip":true},"34":{"start":{"line":124,"column":12},"end":{"line":124,"column":25},"skip":true},"35":{"start":{"line":125,"column":12},"end":{"line":125,"column":45},"skip":true},"36":{"start":{"line":128,"column":8},"end":{"line":135,"column":14},"skip":true},"37":{"start":{"line":133,"column":16},"end":{"line":133,"column":29},"skip":true},"38":{"start":{"line":134,"column":16},"end":{"line":134,"column":55},"skip":true},"39":{"start":{"line":137,"column":8},"end":{"line":146,"column":10},"skip":true},"40":{"start":{"line":144,"column":12},"end":{"line":144,"column":25},"skip":true},"41":{"start":{"line":145,"column":12},"end":{"line":145,"column":45},"skip":true},"42":{"start":{"line":148,"column":8},"end":{"line":157,"column":10},"skip":true},"43":{"start":{"line":155,"column":12},"end":{"line":155,"column":25},"skip":true},"44":{"start":{"line":156,"column":12},"end":{"line":156,"column":48},"skip":true},"45":{"start":{"line":159,"column":8},"end":{"line":168,"column":10},"skip":true},"46":{"start":{"line":166,"column":12},"end":{"line":166,"column":25},"skip":true},"47":{"start":{"line":167,"column":12},"end":{"line":167,"column":46},"skip":true},"48":{"start":{"line":170,"column":8},"end":{"line":179,"column":10},"skip":true},"49":{"start":{"line":177,"column":12},"end":{"line":177,"column":94},"skip":true},"50":{"start":{"line":178,"column":12},"end":{"line":178,"column":48},"skip":true},"51":{"start":{"line":182,"column":8},"end":{"line":182,"column":35},"skip":true},"52":{"start":{"line":183,"column":8},"end":{"line":183,"column":14},"skip":true}},"branchMap":{"1":{"line":25,"type":"binary-expr","locations":[{"start":{"line":25,"column":23},"end":{"line":25,"column":62}},{"start":{"line":26,"column":20},"end":{"line":26,"column":70}},{"start":{"line":27,"column":20},"end":{"line":27,"column":71}},{"start":{"line":28,"column":20},"end":{"line":28,"column":29}}]},"2":{"line":30,"type":"binary-expr","locations":[{"start":{"line":30,"column":23},"end":{"line":30,"column":37}},{"start":{"line":31,"column":20},"end":{"line":31,"column":61}},{"start":{"line":32,"column":20},"end":{"line":32,"column":70}},{"start":{"line":33,"column":20},"end":{"line":33,"column":26}}]},"3":{"line":37,"type":"cond-expr","locations":[{"start":{"line":38,"column":14},"end":{"line":38,"column":20}},{"start":{"line":39,"column":14},"end":{"line":39,"column":20}}]},"4":{"line":40,"type":"switch","locations":[{"start":{"line":42,"column":8},"end":{"line":47,"column":18}},{"start":{"line":49,"column":8},"end":{"line":52,"column":18}}]},"5":{"line":44,"type":"binary-expr","locations":[{"start":{"line":44,"column":16},"end":{"line":44,"column":44}},{"start":{"line":44,"column":48},"end":{"line":44,"column":66}}]},"6":{"line":50,"type":"binary-expr","locations":[{"start":{"line":50,"column":21},"end":{"line":50,"column":49}},{"start":{"line":50,"column":53},"end":{"line":50,"column":72}}]},"7":{"line":64,"type":"switch","locations":[{"start":{"line":69,"column":4},"end":{"line":70,"column":14}},{"start":{"line":75,"column":4},"end":{"line":76,"column":14}}]},"8":{"line":85,"type":"switch","locations":[{"start":{"line":90,"column":4},"end":{"line":95,"column":14}},{"start":{"line":101,"column":4},"end":{"line":183,"column":14},"skip":true}]},"9":{"line":92,"type":"binary-expr","locations":[{"start":{"line":92,"column":18},"end":{"line":92,"column":32}},{"start":{"line":93,"column":12},"end":{"line":93,"column":53}},{"start":{"line":94,"column":12},"end":{"line":94,"column":61}}]},"10":{"line":102,"type":"binary-expr","locations":[{"start":{"line":102,"column":45},"end":{"line":102,"column":79},"skip":true},{"start":{"line":102,"column":83},"end":{"line":111,"column":9},"skip":true}]},"11":{"line":113,"type":"binary-expr","locations":[{"start":{"line":113,"column":42},"end":{"line":113,"column":73},"skip":true},{"start":{"line":113,"column":77},"end":{"line":126,"column":9},"skip":true}]},"12":{"line":128,"type":"binary-expr","locations":[{"start":{"line":128,"column":48},"end":{"line":128,"column":85},"skip":true},{"start":{"line":129,"column":12},"end":{"line":135,"column":13},"skip":true}]},"13":{"line":137,"type":"binary-expr","locations":[{"start":{"line":137,"column":42},"end":{"line":137,"column":73},"skip":true},{"start":{"line":137,"column":77},"end":{"line":146,"column":9},"skip":true}]},"14":{"line":148,"type":"binary-expr","locations":[{"start":{"line":148,"column":45},"end":{"line":148,"column":79},"skip":true},{"start":{"line":148,"column":83},"end":{"line":157,"column":9},"skip":true}]},"15":{"line":159,"type":"binary-expr","locations":[{"start":{"line":159,"column":43},"end":{"line":159,"column":75},"skip":true},{"start":{"line":159,"column":79},"end":{"line":168,"column":9},"skip":true}]},"16":{"line":170,"type":"binary-expr","locations":[{"start":{"line":170,"column":41},"end":{"line":170,"column":71},"skip":true},{"start":{"line":170,"column":75},"end":{"line":179,"column":9},"skip":true}]}},"code":["/* istanbul instrument in package npmtest_jslint */","/*jslint","    bitwise: true,","    browser: true,","    maxerr: 8,","    maxlen: 96,","    node: true,","    nomen: true,","    regexp: true,","    stupid: true","*/","(function () {","    'use strict';","    var local;","","","","    // run shared js-env code - pre-init","    (function () {","        // init local","        local = {};","        // init modeJs","        local.modeJs = (function () {","            try {","                return typeof navigator.userAgent === 'string' &&","                    typeof document.querySelector('body') === 'object' &&","                    typeof XMLHttpRequest.prototype.open === 'function' &&","                    'browser';","            } catch (errorCaughtBrowser) {","                return module.exports &&","                    typeof process.versions.node === 'string' &&","                    typeof require('http').createServer === 'function' &&","                    'node';","            }","        }());","        // init global","        local.global = local.modeJs === 'browser'","            ? window","            : global;","        switch (local.modeJs) {","        // re-init local from window.local","        case 'browser':","            local = local.global.utility2.objectSetDefault(","                local.global.utility2_rollup || local.global.local,","                local.global.utility2","            );","            break;","        // re-init local from example.js","        case 'node':","            local = (local.global.utility2_rollup || require('utility2'))","                .requireExampleJsFromReadme();","            break;","        }","        // export local","        local.global.local = local;","    }());","","","","    // run shared js-env code - function","    (function () {","        return;","    }());","    switch (local.modeJs) {","","","","    // run browser js-env code - function","    case 'browser':","        break;","","","","    // run node js-env code - function","    case 'node':","        break;","    }","","","","    // run shared js-env code - post-init","    (function () {","        return;","    }());","    switch (local.modeJs) {","","","","    // run browser js-env code - post-init","    case 'browser':","        // run tests","        local.nop(local.modeTest &&","            document.querySelector('#testRunButton1') &&","            document.querySelector('#testRunButton1').click());","        break;","","","","    // run node js-env code - post-init","    /* istanbul ignore next */","    case 'node':","        local.testCase_buildApidoc_default = local.testCase_buildApidoc_default || function (","            options,","            onError","        ) {","        /*","         * this function will test buildApidoc's default handling-behavior-behavior","         */","            options = { modulePathList: module.paths };","            local.buildApidoc(options, onError);","        };","","        local.testCase_buildApp_default = local.testCase_buildApp_default || function (","            options,","            onError","        ) {","        /*","         * this function will test buildApp's default handling-behavior-behavior","         */","            local.testCase_buildReadme_default(options, local.onErrorThrow);","            local.testCase_buildLib_default(options, local.onErrorThrow);","            local.testCase_buildTest_default(options, local.onErrorThrow);","            local.testCase_buildCustomOrg_default(options, local.onErrorThrow);","            options = [];","            local.buildApp(options, onError);","        };","","        local.testCase_buildCustomOrg_default = local.testCase_buildCustomOrg_default ||","            function (options, onError) {","            /*","             * this function will test buildCustomOrg's default handling-behavior","             */","                options = {};","                local.buildCustomOrg(options, onError);","            };","","        local.testCase_buildLib_default = local.testCase_buildLib_default || function (","            options,","            onError","        ) {","        /*","         * this function will test buildLib's default handling-behavior","         */","            options = {};","            local.buildLib(options, onError);","        };","","        local.testCase_buildReadme_default = local.testCase_buildReadme_default || function (","            options,","            onError","        ) {","        /*","         * this function will test buildReadme's default handling-behavior-behavior","         */","            options = {};","            local.buildReadme(options, onError);","        };","","        local.testCase_buildTest_default = local.testCase_buildTest_default || function (","            options,","            onError","        ) {","        /*","         * this function will test buildTest's default handling-behavior","         */","            options = {};","            local.buildTest(options, onError);","        };","","        local.testCase_webpage_default = local.testCase_webpage_default || function (","            options,","            onError","        ) {","        /*","         * this function will test webpage's default handling-behavior","         */","            options = { modeCoverageMerge: true, url: local.serverLocalHost + '?modeTest=1' };","            local.browserTest(options, onError);","        };","","        // run test-server","        local.testRunServer(local);","        break;","    }","}());",""],"l":{"12":2,"14":2,"19":2,"21":2,"23":2,"24":2,"25":2,"30":1,"37":2,"40":2,"43":1,"47":1,"50":1,"52":1,"55":2,"61":2,"62":2,"64":2,"70":1,"76":1,"82":2,"83":2,"85":2,"92":1,"95":1,"102":1,"109":1,"110":1,"113":1,"120":1,"121":1,"122":1,"123":1,"124":1,"125":1,"128":1,"133":2,"134":2,"137":1,"144":2,"145":2,"148":1,"155":2,"156":2,"159":1,"166":2,"167":2,"170":1,"177":1,"178":1,"182":1,"183":1}},"/home/travis/build/npmtest/node-npmtest-jslint/lib.npmtest_jslint.js":{"path":"/home/travis/build/npmtest/node-npmtest-jslint/lib.npmtest_jslint.js","s":{"1":2,"2":2,"3":2,"4":2,"5":2,"6":2,"7":2,"8":1,"9":2,"10":2,"11":2,"12":2,"13":1,"14":1,"15":1,"16":1},"b":{"1":[2,1,1,1],"2":[1,1,1,1],"3":[1,1],"4":[2,2],"5":[1,1]},"f":{"1":2,"2":2,"3":2},"fnMap":{"1":{"name":"(anonymous_1)","line":12,"loc":{"start":{"line":12,"column":1},"end":{"line":12,"column":13}}},"2":{"name":"(anonymous_2)","line":19,"loc":{"start":{"line":19,"column":5},"end":{"line":19,"column":17}}},"3":{"name":"(anonymous_3)","line":23,"loc":{"start":{"line":23,"column":24},"end":{"line":23,"column":36}}}},"statementMap":{"1":{"start":{"line":12,"column":0},"end":{"line":53,"column":5}},"2":{"start":{"line":14,"column":4},"end":{"line":14,"column":14}},"3":{"start":{"line":19,"column":4},"end":{"line":52,"column":9}},"4":{"start":{"line":21,"column":8},"end":{"line":21,"column":19}},"5":{"start":{"line":23,"column":8},"end":{"line":35,"column":13}},"6":{"start":{"line":24,"column":12},"end":{"line":34,"column":13}},"7":{"start":{"line":25,"column":16},"end":{"line":28,"column":30}},"8":{"start":{"line":30,"column":16},"end":{"line":33,"column":27}},"9":{"start":{"line":37,"column":8},"end":{"line":39,"column":21}},"10":{"start":{"line":41,"column":8},"end":{"line":41,"column":54}},"11":{"start":{"line":43,"column":8},"end":{"line":43,"column":51}},"12":{"start":{"line":45,"column":8},"end":{"line":51,"column":9}},"13":{"start":{"line":46,"column":12},"end":{"line":46,"column":57}},"14":{"start":{"line":48,"column":12},"end":{"line":48,"column":35}},"15":{"start":{"line":49,"column":12},"end":{"line":49,"column":49}},"16":{"start":{"line":50,"column":12},"end":{"line":50,"column":43}}},"branchMap":{"1":{"line":25,"type":"binary-expr","locations":[{"start":{"line":25,"column":23},"end":{"line":25,"column":62}},{"start":{"line":26,"column":20},"end":{"line":26,"column":70}},{"start":{"line":27,"column":20},"end":{"line":27,"column":71}},{"start":{"line":28,"column":20},"end":{"line":28,"column":29}}]},"2":{"line":30,"type":"binary-expr","locations":[{"start":{"line":30,"column":23},"end":{"line":30,"column":37}},{"start":{"line":31,"column":20},"end":{"line":31,"column":61}},{"start":{"line":32,"column":20},"end":{"line":32,"column":70}},{"start":{"line":33,"column":20},"end":{"line":33,"column":26}}]},"3":{"line":37,"type":"cond-expr","locations":[{"start":{"line":38,"column":14},"end":{"line":38,"column":20}},{"start":{"line":39,"column":14},"end":{"line":39,"column":20}}]},"4":{"line":41,"type":"binary-expr","locations":[{"start":{"line":41,"column":16},"end":{"line":41,"column":44}},{"start":{"line":41,"column":48},"end":{"line":41,"column":53}}]},"5":{"line":45,"type":"if","locations":[{"start":{"line":45,"column":8},"end":{"line":45,"column":8}},{"start":{"line":45,"column":8},"end":{"line":45,"column":8}}]}},"code":["/* istanbul instrument in package npmtest_jslint */","/*jslint","    bitwise: true,","    browser: true,","    maxerr: 8,","    maxlen: 96,","    node: true,","    nomen: true,","    regexp: true,","    stupid: true","*/","(function () {","    'use strict';","    var local;","","","","    // run shared js-env code - pre-init","    (function () {","        // init local","        local = {};","        // init modeJs","        local.modeJs = (function () {","            try {","                return typeof navigator.userAgent === 'string' &&","                    typeof document.querySelector('body') === 'object' &&","                    typeof XMLHttpRequest.prototype.open === 'function' &&","                    'browser';","            } catch (errorCaughtBrowser) {","                return module.exports &&","                    typeof process.versions.node === 'string' &&","                    typeof require('http').createServer === 'function' &&","                    'node';","            }","        }());","        // init global","        local.global = local.modeJs === 'browser'","            ? window","            : global;","        // init utility2_rollup","        local = local.global.utility2_rollup || local;","        // init lib","        local.local = local.npmtest_jslint = local;","        // init exports","        if (local.modeJs === 'browser') {","            local.global.utility2_npmtest_jslint = local;","        } else {","            module.exports = local;","            module.exports.__dirname = __dirname;","            module.exports.module = module;","        }","    }());","}());",""],"l":{"12":2,"14":2,"19":2,"21":2,"23":2,"24":2,"25":2,"30":1,"37":2,"41":2,"43":2,"45":2,"46":1,"48":1,"49":1,"50":1}},"/home/travis/build/npmtest/node-npmtest-jslint/example.js":{"path":"/home/travis/build/npmtest/node-npmtest-jslint/example.js","s":{"1":2,"2":2,"3":2,"4":2,"5":2,"6":2,"7":2,"8":1,"9":2,"10":2,"11":2,"12":2,"13":1,"14":2,"15":2,"16":2,"17":2,"18":2,"19":0,"20":2,"21":1,"22":1,"23":1,"24":1,"25":1,"26":0,"27":0,"28":1,"29":1,"30":2,"31":0,"32":0,"33":0,"34":1,"35":2,"36":2,"37":2,"38":2,"39":2,"40":2,"41":0,"42":2,"43":2,"44":2,"45":1,"46":3,"47":1,"48":1,"49":1,"50":1,"51":1,"52":1,"53":1,"54":1,"55":1,"56":1,"57":0,"58":1,"59":6,"60":6,"61":1,"62":2,"63":0,"64":2,"65":1,"66":1,"67":0,"68":0,"69":0,"70":0,"71":0,"72":0,"73":0,"74":0,"75":0,"76":0,"77":0,"78":0,"79":0,"80":0,"81":0,"82":0,"83":0},"b":{"1":[2,1,1,1],"2":[1,1,1,1],"3":[1,1],"4":[2,2],"5":[1,1],"6":[1,1],"7":[2,0],"8":[2,1,1,1,1,1],"9":[0,2,0],"10":[1,1],"11":[2,1,1],"12":[1,0],"13":[0,2],"14":[2,0,0,0,0,0,0],"15":[0,2],"16":[2,0],"17":[1,1],"18":[0,1],"19":[1,2,0,2],"20":[1,0],"21":[1,1],"22":[0,0],"23":[0,0],"24":[0,0],"25":[0,0],"26":[0,0],"27":[0,0],"28":[0,0]},"f":{"1":2,"2":2,"3":2,"4":2,"5":2,"6":2,"7":2,"8":2,"9":3,"10":1,"11":6,"12":0},"fnMap":{"1":{"name":"(anonymous_1)","line":26,"loc":{"start":{"line":26,"column":1},"end":{"line":26,"column":13}}},"2":{"name":"(anonymous_2)","line":33,"loc":{"start":{"line":33,"column":5},"end":{"line":33,"column":17}}},"3":{"name":"(anonymous_3)","line":37,"loc":{"start":{"line":37,"column":24},"end":{"line":37,"column":36}}},"4":{"name":"(anonymous_4)","line":69,"loc":{"start":{"line":69,"column":31},"end":{"line":69,"column":48}},"skip":true},"5":{"name":"(anonymous_5)","line":78,"loc":{"start":{"line":78,"column":26},"end":{"line":78,"column":45}},"skip":true},"6":{"name":"(anonymous_6)","line":123,"loc":{"start":{"line":123,"column":33},"end":{"line":123,"column":48}},"skip":true},"7":{"name":"(anonymous_7)","line":125,"loc":{"start":{"line":125,"column":27},"end":{"line":125,"column":39}},"skip":true},"8":{"name":"(anonymous_8)","line":133,"loc":{"start":{"line":133,"column":59},"end":{"line":133,"column":74}},"skip":true},"9":{"name":"(anonymous_9)","line":143,"loc":{"start":{"line":143,"column":45},"end":{"line":143,"column":62}},"skip":true},"10":{"name":"(anonymous_10)","line":144,"loc":{"start":{"line":144,"column":73},"end":{"line":144,"column":92}},"skip":true},"11":{"name":"(anonymous_11)","line":272,"loc":{"start":{"line":272,"column":51},"end":{"line":272,"column":77}},"skip":true},"12":{"name":"(anonymous_12)","line":314,"loc":{"start":{"line":314,"column":32},"end":{"line":314,"column":61}},"skip":true}},"statementMap":{"1":{"start":{"line":26,"column":0},"end":{"line":325,"column":5}},"2":{"start":{"line":28,"column":4},"end":{"line":28,"column":14}},"3":{"start":{"line":33,"column":4},"end":{"line":60,"column":9}},"4":{"start":{"line":35,"column":8},"end":{"line":35,"column":19}},"5":{"start":{"line":37,"column":8},"end":{"line":49,"column":13}},"6":{"start":{"line":38,"column":12},"end":{"line":48,"column":13}},"7":{"start":{"line":39,"column":16},"end":{"line":42,"column":30}},"8":{"start":{"line":44,"column":16},"end":{"line":47,"column":27}},"9":{"start":{"line":51,"column":8},"end":{"line":53,"column":21}},"10":{"start":{"line":55,"column":8},"end":{"line":57,"column":45}},"11":{"start":{"line":59,"column":8},"end":{"line":59,"column":35}},"12":{"start":{"line":61,"column":4},"end":{"line":324,"column":5}},"13":{"start":{"line":69,"column":8},"end":{"line":121,"column":10},"skip":true},"14":{"start":{"line":70,"column":12},"end":{"line":88,"column":13},"skip":true},"15":{"start":{"line":76,"column":16},"end":{"line":87,"column":19},"skip":true},"16":{"start":{"line":79,"column":20},"end":{"line":86,"column":21},"skip":true},"17":{"start":{"line":82,"column":24},"end":{"line":82,"column":43},"skip":true},"18":{"start":{"line":83,"column":24},"end":{"line":83,"column":30},"skip":true},"19":{"start":{"line":85,"column":24},"end":{"line":85,"column":49},"skip":true},"20":{"start":{"line":89,"column":12},"end":{"line":107,"column":13},"skip":true},"21":{"start":{"line":92,"column":16},"end":{"line":102,"column":17},"skip":true},"22":{"start":{"line":93,"column":20},"end":{"line":93,"column":86},"skip":true},"23":{"start":{"line":94,"column":20},"end":{"line":95,"column":45},"skip":true},"24":{"start":{"line":96,"column":20},"end":{"line":96,"column":42},"skip":true},"25":{"start":{"line":97,"column":20},"end":{"line":97,"column":48},"skip":true},"26":{"start":{"line":100,"column":20},"end":{"line":100,"column":85},"skip":true},"27":{"start":{"line":101,"column":20},"end":{"line":101,"column":96},"skip":true},"28":{"start":{"line":103,"column":16},"end":{"line":103,"column":22},"skip":true},"29":{"start":{"line":106,"column":16},"end":{"line":106,"column":22},"skip":true},"30":{"start":{"line":108,"column":12},"end":{"line":120,"column":13},"skip":true},"31":{"start":{"line":114,"column":16},"end":{"line":119,"column":17},"skip":true},"32":{"start":{"line":116,"column":20},"end":{"line":116,"column":78},"skip":true},"33":{"start":{"line":118,"column":20},"end":{"line":118,"column":53},"skip":true},"34":{"start":{"line":123,"column":8},"end":{"line":141,"column":11},"skip":true},"35":{"start":{"line":124,"column":12},"end":{"line":124,"column":54},"skip":true},"36":{"start":{"line":125,"column":12},"end":{"line":140,"column":14},"skip":true},"37":{"start":{"line":126,"column":16},"end":{"line":126,"column":28},"skip":true},"38":{"start":{"line":127,"column":16},"end":{"line":127,"column":69},"skip":true},"39":{"start":{"line":128,"column":16},"end":{"line":128,"column":75},"skip":true},"40":{"start":{"line":129,"column":16},"end":{"line":131,"column":17},"skip":true},"41":{"start":{"line":130,"column":20},"end":{"line":130,"column":27},"skip":true},"42":{"start":{"line":133,"column":16},"end":{"line":137,"column":36},"skip":true},"43":{"start":{"line":134,"column":20},"end":{"line":136,"column":55},"skip":true},"44":{"start":{"line":139,"column":16},"end":{"line":139,"column":57},"skip":true},"45":{"start":{"line":143,"column":8},"end":{"line":147,"column":11},"skip":true},"46":{"start":{"line":144,"column":12},"end":{"line":146,"column":15},"skip":true},"47":{"start":{"line":145,"column":16},"end":{"line":145,"column":70},"skip":true},"48":{"start":{"line":149,"column":8},"end":{"line":149,"column":31},"skip":true},"49":{"start":{"line":150,"column":8},"end":{"line":150,"column":14},"skip":true},"50":{"start":{"line":158,"column":8},"end":{"line":158,"column":31},"skip":true},"51":{"start":{"line":160,"column":8},"end":{"line":160,"column":33},"skip":true},"52":{"start":{"line":161,"column":8},"end":{"line":161,"column":37},"skip":true},"53":{"start":{"line":162,"column":8},"end":{"line":162,"column":35},"skip":true},"54":{"start":{"line":164,"column":8},"end":{"line":164,"column":50},"skip":true},"55":{"start":{"line":166,"column":8},"end":{"line":256,"column":2},"skip":true},"56":{"start":{"line":258,"column":8},"end":{"line":286,"column":9},"skip":true},"57":{"start":{"line":259,"column":12},"end":{"line":269,"column":14},"skip":true},"58":{"start":{"line":271,"column":12},"end":{"line":285,"column":19},"skip":true},"59":{"start":{"line":274,"column":20},"end":{"line":274,"column":35},"skip":true},"60":{"start":{"line":275,"column":20},"end":{"line":284,"column":21},"skip":true},"61":{"start":{"line":277,"column":24},"end":{"line":277,"column":64},"skip":true},"62":{"start":{"line":279,"column":24},"end":{"line":279,"column":40},"skip":true},"63":{"start":{"line":281,"column":24},"end":{"line":281,"column":40},"skip":true},"64":{"start":{"line":283,"column":24},"end":{"line":283,"column":39},"skip":true},"65":{"start":{"line":288,"column":8},"end":{"line":290,"column":9},"skip":true},"66":{"start":{"line":289,"column":12},"end":{"line":289,"column":18},"skip":true},"67":{"start":{"line":291,"column":8},"end":{"line":293,"column":54},"skip":true},"68":{"start":{"line":294,"column":8},"end":{"line":301,"column":37},"skip":true},"69":{"start":{"line":302,"column":8},"end":{"line":302,"column":82},"skip":true},"70":{"start":{"line":305,"column":8},"end":{"line":307,"column":9},"skip":true},"71":{"start":{"line":306,"column":12},"end":{"line":306,"column":82},"skip":true},"72":{"start":{"line":309,"column":8},"end":{"line":311,"column":9},"skip":true},"73":{"start":{"line":310,"column":12},"end":{"line":310,"column":18},"skip":true},"74":{"start":{"line":312,"column":8},"end":{"line":312,"column":54},"skip":true},"75":{"start":{"line":313,"column":8},"end":{"line":313,"column":69},"skip":true},"76":{"start":{"line":314,"column":8},"end":{"line":322,"column":36},"skip":true},"77":{"start":{"line":315,"column":12},"end":{"line":315,"column":61},"skip":true},"78":{"start":{"line":316,"column":12},"end":{"line":319,"column":13},"skip":true},"79":{"start":{"line":317,"column":16},"end":{"line":317,"column":75},"skip":true},"80":{"start":{"line":318,"column":16},"end":{"line":318,"column":23},"skip":true},"81":{"start":{"line":320,"column":12},"end":{"line":320,"column":38},"skip":true},"82":{"start":{"line":321,"column":12},"end":{"line":321,"column":27},"skip":true},"83":{"start":{"line":323,"column":8},"end":{"line":323,"column":14},"skip":true}},"branchMap":{"1":{"line":39,"type":"binary-expr","locations":[{"start":{"line":39,"column":23},"end":{"line":39,"column":62}},{"start":{"line":40,"column":20},"end":{"line":40,"column":70}},{"start":{"line":41,"column":20},"end":{"line":41,"column":71}},{"start":{"line":42,"column":20},"end":{"line":42,"column":29}}]},"2":{"line":44,"type":"binary-expr","locations":[{"start":{"line":44,"column":23},"end":{"line":44,"column":37}},{"start":{"line":45,"column":20},"end":{"line":45,"column":61}},{"start":{"line":46,"column":20},"end":{"line":46,"column":70}},{"start":{"line":47,"column":20},"end":{"line":47,"column":26}}]},"3":{"line":51,"type":"cond-expr","locations":[{"start":{"line":52,"column":14},"end":{"line":52,"column":20}},{"start":{"line":53,"column":14},"end":{"line":53,"column":20}}]},"4":{"line":55,"type":"binary-expr","locations":[{"start":{"line":55,"column":16},"end":{"line":55,"column":44}},{"start":{"line":55,"column":49},"end":{"line":57,"column":43}}]},"5":{"line":55,"type":"cond-expr","locations":[{"start":{"line":56,"column":14},"end":{"line":56,"column":50}},{"start":{"line":57,"column":14},"end":{"line":57,"column":43}}]},"6":{"line":61,"type":"switch","locations":[{"start":{"line":68,"column":4},"end":{"line":150,"column":14},"skip":true},{"start":{"line":156,"column":4},"end":{"line":323,"column":14},"skip":true}]},"7":{"line":70,"type":"if","locations":[{"start":{"line":70,"column":12},"end":{"line":70,"column":12},"skip":true},{"start":{"line":70,"column":12},"end":{"line":70,"column":12},"skip":true}]},"8":{"line":70,"type":"binary-expr","locations":[{"start":{"line":70,"column":16},"end":{"line":70,"column":22},"skip":true},{"start":{"line":70,"column":27},"end":{"line":70,"column":32},"skip":true},{"start":{"line":71,"column":20},"end":{"line":71,"column":39},"skip":true},{"start":{"line":72,"column":20},"end":{"line":72,"column":49},"skip":true},{"start":{"line":73,"column":20},"end":{"line":73,"column":58},"skip":true},{"start":{"line":74,"column":20},"end":{"line":74,"column":69},"skip":true}]},"9":{"line":79,"type":"switch","locations":[{"start":{"line":80,"column":20},"end":{"line":80,"column":33},"skip":true},{"start":{"line":81,"column":20},"end":{"line":83,"column":30},"skip":true},{"start":{"line":84,"column":20},"end":{"line":85,"column":49},"skip":true}]},"10":{"line":89,"type":"switch","locations":[{"start":{"line":90,"column":12},"end":{"line":103,"column":22},"skip":true},{"start":{"line":105,"column":12},"end":{"line":106,"column":22},"skip":true}]},"11":{"line":89,"type":"binary-expr","locations":[{"start":{"line":89,"column":20},"end":{"line":89,"column":25},"skip":true},{"start":{"line":89,"column":29},"end":{"line":89,"column":48},"skip":true},{"start":{"line":89,"column":52},"end":{"line":89,"column":74},"skip":true}]},"12":{"line":92,"type":"if","locations":[{"start":{"line":92,"column":16},"end":{"line":92,"column":16},"skip":true},{"start":{"line":92,"column":16},"end":{"line":92,"column":16},"skip":true}]},"13":{"line":108,"type":"if","locations":[{"start":{"line":108,"column":12},"end":{"line":108,"column":12},"skip":true},{"start":{"line":108,"column":12},"end":{"line":108,"column":12},"skip":true}]},"14":{"line":108,"type":"binary-expr","locations":[{"start":{"line":108,"column":16},"end":{"line":108,"column":61},"skip":true},{"start":{"line":108,"column":66},"end":{"line":108,"column":72},"skip":true},{"start":{"line":108,"column":77},"end":{"line":108,"column":82},"skip":true},{"start":{"line":109,"column":20},"end":{"line":109,"column":39},"skip":true},{"start":{"line":110,"column":20},"end":{"line":110,"column":49},"skip":true},{"start":{"line":111,"column":20},"end":{"line":111,"column":58},"skip":true},{"start":{"line":112,"column":20},"end":{"line":112,"column":68},"skip":true}]},"15":{"line":129,"type":"if","locations":[{"start":{"line":129,"column":16},"end":{"line":129,"column":16},"skip":true},{"start":{"line":129,"column":16},"end":{"line":129,"column":16},"skip":true}]},"16":{"line":134,"type":"cond-expr","locations":[{"start":{"line":135,"column":26},"end":{"line":135,"column":29},"skip":true},{"start":{"line":136,"column":26},"end":{"line":136,"column":54},"skip":true}]},"17":{"line":164,"type":"binary-expr","locations":[{"start":{"line":164,"column":27},"end":{"line":164,"column":43},"skip":true},{"start":{"line":164,"column":47},"end":{"line":164,"column":49},"skip":true}]},"18":{"line":258,"type":"if","locations":[{"start":{"line":258,"column":8},"end":{"line":258,"column":8},"skip":true},{"start":{"line":258,"column":8},"end":{"line":258,"column":8},"skip":true}]},"19":{"line":275,"type":"switch","locations":[{"start":{"line":276,"column":20},"end":{"line":277,"column":64},"skip":true},{"start":{"line":278,"column":20},"end":{"line":279,"column":40},"skip":true},{"start":{"line":280,"column":20},"end":{"line":281,"column":40},"skip":true},{"start":{"line":282,"column":20},"end":{"line":283,"column":39},"skip":true}]},"20":{"line":288,"type":"if","locations":[{"start":{"line":288,"column":8},"end":{"line":288,"column":8},"skip":true},{"start":{"line":288,"column":8},"end":{"line":288,"column":8},"skip":true}]},"21":{"line":288,"type":"binary-expr","locations":[{"start":{"line":288,"column":12},"end":{"line":288,"column":40},"skip":true},{"start":{"line":288,"column":44},"end":{"line":288,"column":67},"skip":true}]},"22":{"line":292,"type":"binary-expr","locations":[{"start":{"line":292,"column":12},"end":{"line":292,"column":50},"skip":true},{"start":{"line":293,"column":12},"end":{"line":293,"column":53},"skip":true}]},"23":{"line":295,"type":"binary-expr","locations":[{"start":{"line":295,"column":12},"end":{"line":295,"column":64},"skip":true},{"start":{"line":296,"column":12},"end":{"line":301,"column":36},"skip":true}]},"24":{"line":302,"type":"binary-expr","locations":[{"start":{"line":302,"column":43},"end":{"line":302,"column":75},"skip":true},{"start":{"line":302,"column":79},"end":{"line":302,"column":81},"skip":true}]},"25":{"line":305,"type":"if","locations":[{"start":{"line":305,"column":8},"end":{"line":305,"column":8},"skip":true},{"start":{"line":305,"column":8},"end":{"line":305,"column":8},"skip":true}]},"26":{"line":309,"type":"if","locations":[{"start":{"line":309,"column":8},"end":{"line":309,"column":8},"skip":true},{"start":{"line":309,"column":8},"end":{"line":309,"column":8},"skip":true}]},"27":{"line":312,"type":"binary-expr","locations":[{"start":{"line":312,"column":27},"end":{"line":312,"column":43},"skip":true},{"start":{"line":312,"column":47},"end":{"line":312,"column":53},"skip":true}]},"28":{"line":316,"type":"if","locations":[{"start":{"line":316,"column":12},"end":{"line":316,"column":12},"skip":true},{"start":{"line":316,"column":12},"end":{"line":316,"column":12},"skip":true}]}},"code":["/*","example.js","","quickstart example","","instruction","    1. save this script as example.js","    2. run the shell command:","        $ npm install npmtest-jslint && PORT=8081 node example.js","    3. play with the browser-demo on http://127.0.0.1:8081","*/","","","","/* istanbul instrument in package npmtest_jslint */","/*jslint","    bitwise: true,","    browser: true,","    maxerr: 8,","    maxlen: 96,","    node: true,","    nomen: true,","    regexp: true,","    stupid: true","*/","(function () {","    'use strict';","    var local;","","","","    // run shared js-env code - pre-init","    (function () {","        // init local","        local = {};","        // init modeJs","        local.modeJs = (function () {","            try {","                return typeof navigator.userAgent === 'string' &&","                    typeof document.querySelector('body') === 'object' &&","                    typeof XMLHttpRequest.prototype.open === 'function' &&","                    'browser';","            } catch (errorCaughtBrowser) {","                return module.exports &&","                    typeof process.versions.node === 'string' &&","                    typeof require('http').createServer === 'function' &&","                    'node';","            }","        }());","        // init global","        local.global = local.modeJs === 'browser'","            ? window","            : global;","        // init utility2_rollup","        local = local.global.utility2_rollup || (local.modeJs === 'browser'","            ? local.global.utility2_npmtest_jslint","            : global.utility2_moduleExports);","        // export local","        local.global.local = local;","    }());","    switch (local.modeJs) {","","","","    // post-init","    // run browser js-env code - post-init","    /* istanbul ignore next */","    case 'browser':","        local.testRunBrowser = function (event) {","            if (!event || (event &&","                    event.currentTarget &&","                    event.currentTarget.className &&","                    event.currentTarget.className.includes &&","                    event.currentTarget.className.includes('onreset'))) {","                // reset output","                Array.from(","                    document.querySelectorAll('body > .resettable')","                ).forEach(function (element) {","                    switch (element.tagName) {","                    case 'INPUT':","                    case 'TEXTAREA':","                        element.value = '';","                        break;","                    default:","                        element.textContent = '';","                    }","                });","            }","            switch (event && event.currentTarget && event.currentTarget.id) {","            case 'testRunButton1':","                // show tests","                if (document.querySelector('#testReportDiv1').style.display === 'none') {","                    document.querySelector('#testReportDiv1').style.display = 'block';","                    document.querySelector('#testRunButton1').textContent =","                        'hide internal test';","                    local.modeTest = true;","                    local.testRunDefault(local);","                // hide tests","                } else {","                    document.querySelector('#testReportDiv1').style.display = 'none';","                    document.querySelector('#testRunButton1').textContent = 'run internal test';","                }","                break;","            // custom-case","            default:","                break;","            }","            if (document.querySelector('#inputTextareaEval1') && (!event || (event &&","                    event.currentTarget &&","                    event.currentTarget.className &&","                    event.currentTarget.className.includes &&","                    event.currentTarget.className.includes('oneval')))) {","                // try to eval input-code","                try {","                    /*jslint evil: true*/","                    eval(document.querySelector('#inputTextareaEval1').value);","                } catch (errorCaught) {","                    console.error(errorCaught.stack);","                }","            }","        };","        // log stderr and stdout to #outputTextareaStdout1","        ['error', 'log'].forEach(function (key) {","            console[key + '_original'] = console[key];","            console[key] = function () {","                var element;","                console[key + '_original'].apply(console, arguments);","                element = document.querySelector('#outputTextareaStdout1');","                if (!element) {","                    return;","                }","                // append text to #outputTextareaStdout1","                element.value += Array.from(arguments).map(function (arg) {","                    return typeof arg === 'string'","                        ? arg","                        : JSON.stringify(arg, null, 4);","                }).join(' ') + '\\n';","                // scroll textarea to bottom","                element.scrollTop = element.scrollHeight;","            };","        });","        // init event-handling","        ['change', 'click', 'keyup'].forEach(function (event) {","            Array.from(document.querySelectorAll('.on' + event)).forEach(function (element) {","                element.addEventListener(event, local.testRunBrowser);","            });","        });","        // run tests","        local.testRunBrowser();","        break;","","","","    // run node js-env code - post-init","    /* istanbul ignore next */","    case 'node':","        // export local","        module.exports = local;","        // require modules","        local.fs = require('fs');","        local.http = require('http');","        local.url = require('url');","        // init assets","        local.assetsDict = local.assetsDict || {};","        /* jslint-ignore-begin */","        local.assetsDict['/assets.index.template.html'] = '\\","<!doctype html>\\n\\","<html lang=\"en\">\\n\\","<head>\\n\\","<meta charset=\"UTF-8\">\\n\\","<meta name=\"viewport\" content=\"width=device-width, initial-scale=1\">\\n\\","<title>{{env.npm_package_name}} (v{{env.npm_package_version}})</title>\\n\\","<style>\\n\\","/*csslint\\n\\","    box-sizing: false,\\n\\","    universal-selector: false\\n\\","*/\\n\\","* {\\n\\","    box-sizing: border-box;\\n\\","}\\n\\","body {\\n\\","    background: #dde;\\n\\","    font-family: Arial, Helvetica, sans-serif;\\n\\","    margin: 2rem;\\n\\","}\\n\\","body > * {\\n\\","    margin-bottom: 1rem;\\n\\","}\\n\\",".utility2FooterDiv {\\n\\","    margin-top: 20px;\\n\\","    text-align: center;\\n\\","}\\n\\","</style>\\n\\","<style>\\n\\","/*csslint\\n\\","*/\\n\\","textarea {\\n\\","    font-family: monospace;\\n\\","    height: 10rem;\\n\\","    width: 100%;\\n\\","}\\n\\","textarea[readonly] {\\n\\","    background: #ddd;\\n\\","}\\n\\","</style>\\n\\","</head>\\n\\","<body>\\n\\","<!-- utility2-comment\\n\\","<div id=\"ajaxProgressDiv1\" style=\"background: #d00; height: 2px; left: 0; margin: 0; padding: 0; position: fixed; top: 0; transition: background 0.5s, width 1.5s; width: 25%;\"></div>\\n\\","utility2-comment -->\\n\\","<h1>\\n\\","<!-- utility2-comment\\n\\","    <a\\n\\","        {{#if env.npm_package_homepage}}\\n\\","        href=\"{{env.npm_package_homepage}}\"\\n\\","        {{/if env.npm_package_homepage}}\\n\\","        target=\"_blank\"\\n\\","    >\\n\\","utility2-comment -->\\n\\","        {{env.npm_package_name}} (v{{env.npm_package_version}})\\n\\","<!-- utility2-comment\\n\\","    </a>\\n\\","utility2-comment -->\\n\\","</h1>\\n\\","<h3>{{env.npm_package_description}}</h3>\\n\\","<!-- utility2-comment\\n\\","<h4><a download href=\"assets.app.js\">download standalone app</a></h4>\\n\\","<button class=\"onclick onreset\" id=\"testRunButton1\">run internal test</button><br>\\n\\","<div id=\"testReportDiv1\" style=\"display: none;\"></div>\\n\\","utility2-comment -->\\n\\","\\n\\","\\n\\","\\n\\","<label>stderr and stdout</label>\\n\\","<textarea class=\"resettable\" id=\"outputTextareaStdout1\" readonly></textarea>\\n\\","<!-- utility2-comment\\n\\","{{#if isRollup}}\\n\\","<script src=\"assets.app.js\"></script>\\n\\","{{#unless isRollup}}\\n\\","utility2-comment -->\\n\\","<script src=\"assets.utility2.rollup.js\"></script>\\n\\","<script src=\"jsonp.utility2._stateInit?callback=window.utility2._stateInit\"></script>\\n\\","<script src=\"assets.npmtest_jslint.rollup.js\"></script>\\n\\","<script src=\"assets.example.js\"></script>\\n\\","<script src=\"assets.test.js\"></script>\\n\\","<!-- utility2-comment\\n\\","{{/if isRollup}}\\n\\","utility2-comment -->\\n\\","<div class=\"utility2FooterDiv\">\\n\\","    [ this app was created with\\n\\","    <a href=\"https://github.com/kaizhu256/node-utility2\" target=\"_blank\">utility2</a>\\n\\","    ]\\n\\","</div>\\n\\","</body>\\n\\","</html>\\n\\","';","        /* jslint-ignore-end */","        if (local.templateRender) {","            local.assetsDict['/'] = local.templateRender(","                local.assetsDict['/assets.index.template.html'],","                {","                    env: local.objectSetDefault(local.env, {","                        npm_package_description: 'the greatest app in the world!',","                        npm_package_name: 'my-app',","                        npm_package_nameAlias: 'my_app',","                        npm_package_version: '0.0.1'","                    })","                }","            );","        } else {","            local.assetsDict['/'] = local.assetsDict['/assets.index.template.html']","                .replace((/\\{\\{env\\.(\\w+?)\\}\\}/g), function (match0, match1) {","                    // jslint-hack","                    String(match0);","                    switch (match1) {","                    case 'npm_package_description':","                        return 'the greatest app in the world!';","                    case 'npm_package_name':","                        return 'my-app';","                    case 'npm_package_nameAlias':","                        return 'my_app';","                    case 'npm_package_version':","                        return '0.0.1';","                    }","                });","        }","        // run the cli","        if (local.global.utility2_rollup || module !== require.main) {","            break;","        }","        local.assetsDict['/assets.example.js'] =","            local.assetsDict['/assets.example.js'] ||","            local.fs.readFileSync(__filename, 'utf8');","        local.assetsDict['/assets.npmtest_jslint.rollup.js'] =","            local.assetsDict['/assets.npmtest_jslint.rollup.js'] ||","            local.fs.readFileSync(","                // buildCustomOrg-hack","                local.npmtest_jslint.__dirname +","                    '/lib.npmtest_jslint.js',","                'utf8'","            ).replace((/^#!/), '//');","        local.assetsDict['/favicon.ico'] = local.assetsDict['/favicon.ico'] || '';","        // if $npm_config_timeout_exit exists,","        // then exit this process after $npm_config_timeout_exit ms","        if (Number(process.env.npm_config_timeout_exit)) {","            setTimeout(process.exit, Number(process.env.npm_config_timeout_exit));","        }","        // start server","        if (local.global.utility2_serverHttp1) {","            break;","        }","        process.env.PORT = process.env.PORT || '8081';","        console.error('server starting on port ' + process.env.PORT);","        local.http.createServer(function (request, response) {","            request.urlParsed = local.url.parse(request.url);","            if (local.assetsDict[request.urlParsed.pathname] !== undefined) {","                response.end(local.assetsDict[request.urlParsed.pathname]);","                return;","            }","            response.statusCode = 404;","            response.end();","        }).listen(process.env.PORT);","        break;","    }","}());",""],"l":{"26":2,"28":2,"33":2,"35":2,"37":2,"38":2,"39":2,"44":1,"51":2,"55":2,"59":2,"61":2,"69":1,"70":2,"76":2,"79":2,"82":2,"83":2,"85":1,"89":2,"92":1,"93":1,"94":1,"96":1,"97":1,"100":1,"101":1,"103":1,"106":1,"108":2,"114":1,"116":1,"118":1,"123":1,"124":2,"125":2,"126":2,"127":2,"128":2,"129":2,"130":1,"133":2,"134":2,"139":2,"143":1,"144":3,"145":1,"149":1,"150":1,"158":1,"160":1,"161":1,"162":1,"164":1,"166":1,"258":1,"259":1,"271":1,"274":6,"275":6,"277":1,"279":2,"281":1,"283":2,"288":1,"289":1,"291":1,"294":1,"302":1,"305":1,"306":1,"309":1,"310":1,"312":1,"313":1,"314":1,"315":1,"316":1,"317":1,"318":1,"320":1,"321":1,"323":1}},"/home/travis/build/npmtest/node-npmtest-jslint/jslint/lib/nodelint.js":{"path":"/home/travis/build/npmtest/node-npmtest-jslint/jslint/lib/nodelint.js","s":{"1":1,"2":1,"3":1,"4":1,"5":1,"6":0,"7":1,"8":0,"9":1,"10":1,"11":0,"12":1,"13":0,"14":1,"15":0,"16":1,"17":0,"18":0,"19":0,"20":0,"21":0,"22":0,"23":0,"24":0,"25":0,"26":0,"27":0,"28":0,"29":0,"30":0,"31":0,"32":0,"33":0,"34":0},"b":{"1":[0,0],"2":[0,0],"3":[0,0],"4":[0,0]},"f":{"1":0,"2":0,"3":0,"4":0,"5":0,"6":0,"7":0,"8":0},"fnMap":{"1":{"name":"(anonymous_1)","line":15,"loc":{"start":{"line":15,"column":21},"end":{"line":15,"column":34}}},"2":{"name":"looksLikeFileName","line":20,"loc":{"start":{"line":20,"column":0},"end":{"line":20,"column":36}}},"3":{"name":"(anonymous_3)","line":28,"loc":{"start":{"line":28,"column":15},"end":{"line":28,"column":34}}},"4":{"name":"makePathFromName","line":35,"loc":{"start":{"line":35,"column":4},"end":{"line":35,"column":36}}},"5":{"name":"makePathFromEdition","line":39,"loc":{"start":{"line":39,"column":4},"end":{"line":39,"column":42}}},"6":{"name":"read","line":43,"loc":{"start":{"line":43,"column":4},"end":{"line":43,"column":24}}},"7":{"name":"JSLINT","line":69,"loc":{"start":{"line":69,"column":21},"end":{"line":69,"column":54}}},"8":{"name":"(anonymous_8)","line":71,"loc":{"start":{"line":71,"column":30},"end":{"line":71,"column":42}}}},"statementMap":{"1":{"start":{"line":1,"column":0},"end":{"line":7,"column":44}},"2":{"start":{"line":9,"column":0},"end":{"line":9,"column":32}},"3":{"start":{"line":11,"column":0},"end":{"line":11,"column":24}},"4":{"start":{"line":13,"column":0},"end":{"line":13,"column":31}},"5":{"start":{"line":15,"column":0},"end":{"line":18,"column":2}},"6":{"start":{"line":17,"column":4},"end":{"line":17,"column":12}},"7":{"start":{"line":20,"column":0},"end":{"line":25,"column":1}},"8":{"start":{"line":24,"column":4},"end":{"line":24,"column":40}},"9":{"start":{"line":26,"column":0},"end":{"line":26,"column":46}},"10":{"start":{"line":28,"column":0},"end":{"line":80,"column":2}},"11":{"start":{"line":31,"column":4},"end":{"line":33,"column":21}},"12":{"start":{"line":35,"column":4},"end":{"line":37,"column":5}},"13":{"start":{"line":36,"column":8},"end":{"line":36,"column":50}},"14":{"start":{"line":39,"column":4},"end":{"line":41,"column":5}},"15":{"start":{"line":40,"column":8},"end":{"line":40,"column":53}},"16":{"start":{"line":43,"column":4},"end":{"line":45,"column":5}},"17":{"start":{"line":44,"column":8},"end":{"line":44,"column":37}},"18":{"start":{"line":48,"column":4},"end":{"line":60,"column":5}},"19":{"start":{"line":49,"column":8},"end":{"line":53,"column":9}},"20":{"start":{"line":50,"column":12},"end":{"line":50,"column":31}},"21":{"start":{"line":52,"column":12},"end":{"line":52,"column":52}},"22":{"start":{"line":55,"column":8},"end":{"line":59,"column":9}},"23":{"start":{"line":56,"column":12},"end":{"line":56,"column":42}},"24":{"start":{"line":58,"column":12},"end":{"line":58,"column":93}},"25":{"start":{"line":62,"column":4},"end":{"line":64,"column":5}},"26":{"start":{"line":63,"column":8},"end":{"line":63,"column":56}},"27":{"start":{"line":66,"column":4},"end":{"line":66,"column":39}},"28":{"start":{"line":68,"column":4},"end":{"line":76,"column":5}},"29":{"start":{"line":69,"column":8},"end":{"line":74,"column":10}},"30":{"start":{"line":70,"column":12},"end":{"line":70,"column":67}},"31":{"start":{"line":71,"column":12},"end":{"line":73,"column":14}},"32":{"start":{"line":72,"column":16},"end":{"line":72,"column":28}},"33":{"start":{"line":75,"column":8},"end":{"line":75,"column":52}},"34":{"start":{"line":78,"column":4},"end":{"line":78,"column":22}}},"branchMap":{"1":{"line":48,"type":"if","locations":[{"start":{"line":48,"column":4},"end":{"line":48,"column":4}},{"start":{"line":48,"column":4},"end":{"line":48,"column":4}}]},"2":{"line":49,"type":"if","locations":[{"start":{"line":49,"column":8},"end":{"line":49,"column":8}},{"start":{"line":49,"column":8},"end":{"line":49,"column":8}}]},"3":{"line":62,"type":"if","locations":[{"start":{"line":62,"column":4},"end":{"line":62,"column":4}},{"start":{"line":62,"column":4},"end":{"line":62,"column":4}}]},"4":{"line":68,"type":"if","locations":[{"start":{"line":68,"column":4},"end":{"line":68,"column":4}},{"start":{"line":68,"column":4},"end":{"line":68,"column":4}}]}},"code":["var con = console,","    vm = require(\"vm\"),","    fs = require(\"fs\"),","    path = require('path'),","    linter = require('./linter.js'),","    main = require('./main.js'),","    LintStream = require('./lintstream.js');","","exports.LintStream = LintStream;","","exports.linter = linter;","","exports.runMain = main.runMain;","","exports.setConsole = function (c) {","    'use strict';","    con = c;","};","","function looksLikeFileName(edition) {","    'use strict';","","    // contains .js or a path separator character '/' or '\\'","    return (/\\.js|\\/|\\\\/).test(edition);","}","exports.looksLikeFileName = looksLikeFileName;","","exports.load = function (edition) {","    'use strict';","","    var ctx = vm.createContext(),","        fileName,","        jslintSource;","","    function makePathFromName(name) {","        return path.join(__dirname, name) + \".js\";","    }","","    function makePathFromEdition(edition) {","        return makePathFromName(\"jslint-\" + edition);","    }","","    function read(name) {","        return fs.readFileSync(name);","    }","","","    if (edition) {","        if (looksLikeFileName(edition)) {","            fileName = edition;","        } else {","            fileName = makePathFromEdition(edition);","        }","","        try {","            jslintSource = read(fileName);","        } catch (err) {","            con.warn(\"Unable to load edition \" + edition + \", reverting to default. \" + err);","        }","    }","","    if (!jslintSource) {","        jslintSource = read(makePathFromName(\"jslint\"));","    }","","    vm.runInContext(jslintSource, ctx);","","    if (!ctx.JSLINT) {","        ctx.JSLINT = function JSLINT(script, options) {","            var data = ctx.jslint(script, options, options.predef);","            ctx.JSLINT.data = function () {","                return data;","            };","        };","        ctx.JSLINT.edition = ctx.jslint('').edition;","    }","","    return ctx.JSLINT;","","};",""],"l":{"1":1,"9":1,"11":1,"13":1,"15":1,"17":0,"20":1,"24":0,"26":1,"28":1,"31":0,"35":1,"36":0,"39":1,"40":0,"43":1,"44":0,"48":0,"49":0,"50":0,"52":0,"55":0,"56":0,"58":0,"62":0,"63":0,"66":0,"68":0,"69":0,"70":0,"71":0,"72":0,"75":0,"78":0}},"/home/travis/build/npmtest/node-npmtest-jslint/jslint/lib/linter.js":{"path":"/home/travis/build/npmtest/node-npmtest-jslint/jslint/lib/linter.js","s":{"1":1,"2":0,"3":0,"4":0,"5":0,"6":0,"7":0,"8":0,"9":1,"10":1,"11":0,"12":0,"13":0,"14":0,"15":1,"16":1,"17":0,"18":0,"19":0,"20":0,"21":0,"22":0,"23":0,"24":0,"25":0},"b":{"1":[0,0],"2":[0,0],"3":[0,0],"4":[0,0],"5":[0,0],"6":[0,0]},"f":{"1":0,"2":0,"3":0,"4":0},"fnMap":{"1":{"name":"merge","line":1,"loc":{"start":{"line":1,"column":0},"end":{"line":1,"column":28}}},"2":{"name":"(anonymous_2)","line":10,"loc":{"start":{"line":10,"column":29},"end":{"line":10,"column":45}}},"3":{"name":"preprocessScript","line":20,"loc":{"start":{"line":20,"column":0},"end":{"line":20,"column":34}}},"4":{"name":"(anonymous_4)","line":35,"loc":{"start":{"line":35,"column":17},"end":{"line":35,"column":52}}}},"statementMap":{"1":{"start":{"line":1,"column":0},"end":{"line":17,"column":1}},"2":{"start":{"line":4,"column":4},"end":{"line":4,"column":30}},"3":{"start":{"line":6,"column":4},"end":{"line":8,"column":5}},"4":{"start":{"line":7,"column":8},"end":{"line":7,"column":22}},"5":{"start":{"line":10,"column":4},"end":{"line":14,"column":7}},"6":{"start":{"line":11,"column":8},"end":{"line":13,"column":9}},"7":{"start":{"line":12,"column":12},"end":{"line":12,"column":37}},"8":{"start":{"line":16,"column":4},"end":{"line":16,"column":18}},"9":{"start":{"line":18,"column":0},"end":{"line":18,"column":22}},"10":{"start":{"line":20,"column":0},"end":{"line":32,"column":1}},"11":{"start":{"line":24,"column":4},"end":{"line":26,"column":5}},"12":{"start":{"line":25,"column":8},"end":{"line":25,"column":33}},"13":{"start":{"line":29,"column":4},"end":{"line":29,"column":41}},"14":{"start":{"line":31,"column":4},"end":{"line":31,"column":18}},"15":{"start":{"line":33,"column":0},"end":{"line":33,"column":44}},"16":{"start":{"line":35,"column":0},"end":{"line":54,"column":2}},"17":{"start":{"line":37,"column":4},"end":{"line":38,"column":15}},"18":{"start":{"line":40,"column":4},"end":{"line":40,"column":38}},"19":{"start":{"line":42,"column":4},"end":{"line":42,"column":33}},"20":{"start":{"line":44,"column":4},"end":{"line":44,"column":27}},"21":{"start":{"line":45,"column":4},"end":{"line":47,"column":5}},"22":{"start":{"line":46,"column":8},"end":{"line":46,"column":23}},"23":{"start":{"line":48,"column":4},"end":{"line":48,"column":29}},"24":{"start":{"line":51,"column":4},"end":{"line":51,"column":53}},"25":{"start":{"line":53,"column":4},"end":{"line":53,"column":18}}},"branchMap":{"1":{"line":4,"type":"binary-expr","locations":[{"start":{"line":4,"column":17},"end":{"line":4,"column":23}},{"start":{"line":4,"column":27},"end":{"line":4,"column":29}}]},"2":{"line":6,"type":"if","locations":[{"start":{"line":6,"column":4},"end":{"line":6,"column":4}},{"start":{"line":6,"column":4},"end":{"line":6,"column":4}}]},"3":{"line":11,"type":"if","locations":[{"start":{"line":11,"column":8},"end":{"line":11,"column":8}},{"start":{"line":11,"column":8},"end":{"line":11,"column":8}}]},"4":{"line":24,"type":"if","locations":[{"start":{"line":24,"column":4},"end":{"line":24,"column":4}},{"start":{"line":24,"column":4},"end":{"line":24,"column":4}}]},"5":{"line":45,"type":"if","locations":[{"start":{"line":45,"column":4},"end":{"line":45,"column":4}},{"start":{"line":45,"column":4},"end":{"line":45,"column":4}}]},"6":{"line":51,"type":"binary-expr","locations":[{"start":{"line":51,"column":20},"end":{"line":51,"column":33}},{"start":{"line":51,"column":37},"end":{"line":51,"column":52}}]}},"code":["function merge(source, add) {","    'use strict';","","    var result = source || {};","","    if (!add) {","        return result;","    }","","    Object.keys(add).forEach(function (prop) {","        if (!result.hasOwnProperty(prop)) {","            result[prop] = add[prop];","        }","    });","","    return result;","}","exports.merge = merge;","","function preprocessScript(script) {","    'use strict';","","    // Fix UTF8 with BOM","    if (script.charCodeAt(0) === 0xFEFF) {","        script = script.slice(1);","    }","","    // remove shebang: replace it with empty line","    script = script.replace(/^#!.*/, \"\");","","    return script;","}","exports.preprocessScript = preprocessScript;","","exports.doLint = function (jslint, script, options) {","    'use strict';","    var ok,","        result;","","    script = preprocessScript(script);","","    ok = jslint(script, options);","","    result = jslint.data();","    if (result.ok === undefined) {","        result.ok = ok;","    }","    result.options = options;","","    // es6","    result.errors = result.errors || result.warnings;","","    return result;","};",""],"l":{"1":1,"4":0,"6":0,"7":0,"10":0,"11":0,"12":0,"16":0,"18":1,"20":1,"24":0,"25":0,"29":0,"31":0,"33":1,"35":1,"37":0,"40":0,"42":0,"44":0,"45":0,"46":0,"48":0,"51":0,"53":0}},"/home/travis/build/npmtest/node-npmtest-jslint/jslint/lib/main.js":{"path":"/home/travis/build/npmtest/node-npmtest-jslint/jslint/lib/main.js","s":{"1":1,"2":1,"3":1,"4":1,"5":1,"6":1,"7":1,"8":1,"9":0,"10":1,"11":0,"12":0,"13":1,"14":0,"15":0,"16":0,"17":0,"18":1,"19":1,"20":0,"21":0,"22":0,"23":0,"24":1,"25":0,"26":0,"27":0,"28":0,"29":1,"30":1,"31":0,"32":0,"33":0,"34":1,"35":0,"36":0,"37":1,"38":1,"39":0,"40":1,"41":1,"42":0,"43":1,"44":0,"45":0,"46":0,"47":0,"48":0,"49":1,"50":1,"51":0,"52":0,"53":0,"54":0,"55":0,"56":0,"57":0,"58":0,"59":0,"60":0,"61":0,"62":1,"63":1,"64":0,"65":0,"66":0,"67":0,"68":0,"69":0,"70":0,"71":0,"72":0,"73":0,"74":0,"75":0,"76":0,"77":0,"78":0,"79":0,"80":0},"b":{"1":[0,0],"2":[0,0],"3":[0,0],"4":[0,0],"5":[0,0],"6":[0,0],"7":[0,0],"8":[0,0],"9":[0,0]},"f":{"1":0,"2":0,"3":0,"4":0,"5":0,"6":0,"7":0,"8":0,"9":0,"10":0,"11":0,"12":0,"13":0,"14":0,"15":0,"16":0,"17":0,"18":0},"fnMap":{"1":{"name":"(anonymous_1)","line":16,"loc":{"start":{"line":16,"column":21},"end":{"line":16,"column":34}}},"2":{"name":"(anonymous_2)","line":21,"loc":{"start":{"line":21,"column":21},"end":{"line":21,"column":34}}},"3":{"name":"commandOptions","line":27,"loc":{"start":{"line":27,"column":0},"end":{"line":27,"column":26}}},"4":{"name":"(anonymous_4)","line":56,"loc":{"start":{"line":56,"column":21},"end":{"line":56,"column":39}}},"5":{"name":"die","line":64,"loc":{"start":{"line":64,"column":0},"end":{"line":64,"column":18}}},"6":{"name":"parseArgs","line":74,"loc":{"start":{"line":74,"column":0},"end":{"line":74,"column":25}}},"7":{"name":"reportVersion","line":86,"loc":{"start":{"line":86,"column":24},"end":{"line":86,"column":66}}},"8":{"name":"(anonymous_8)","line":88,"loc":{"start":{"line":88,"column":21},"end":{"line":88,"column":33}}},"9":{"name":"expandGlob","line":98,"loc":{"start":{"line":98,"column":0},"end":{"line":98,"column":26}}},"10":{"name":"(anonymous_10)","line":101,"loc":{"start":{"line":101,"column":11},"end":{"line":101,"column":30}}},"11":{"name":"noNodeModules","line":107,"loc":{"start":{"line":107,"column":0},"end":{"line":107,"column":29}}},"12":{"name":"flatten","line":113,"loc":{"start":{"line":113,"column":0},"end":{"line":113,"column":23}}},"13":{"name":"globFiles","line":119,"loc":{"start":{"line":119,"column":0},"end":{"line":119,"column":39}}},"14":{"name":"makeReporter","line":134,"loc":{"start":{"line":134,"column":0},"end":{"line":134,"column":30}}},"15":{"name":"(anonymous_15)","line":146,"loc":{"start":{"line":146,"column":24},"end":{"line":146,"column":41}}},"16":{"name":"(anonymous_16)","line":158,"loc":{"start":{"line":158,"column":18},"end":{"line":158,"column":41}}},"17":{"name":"(anonymous_17)","line":179,"loc":{"start":{"line":179,"column":26},"end":{"line":179,"column":38}}},"18":{"name":"(anonymous_18)","line":190,"loc":{"start":{"line":190,"column":18},"end":{"line":190,"column":34}}}},"statementMap":{"1":{"start":{"line":1,"column":0},"end":{"line":1,"column":37}},"2":{"start":{"line":2,"column":0},"end":{"line":2,"column":37}},"3":{"start":{"line":3,"column":0},"end":{"line":3,"column":27}},"4":{"start":{"line":4,"column":0},"end":{"line":5,"column":27}},"5":{"start":{"line":7,"column":0},"end":{"line":11,"column":44}},"6":{"start":{"line":13,"column":0},"end":{"line":13,"column":18}},"7":{"start":{"line":14,"column":0},"end":{"line":14,"column":18}},"8":{"start":{"line":16,"column":0},"end":{"line":19,"column":2}},"9":{"start":{"line":18,"column":4},"end":{"line":18,"column":12}},"10":{"start":{"line":21,"column":0},"end":{"line":25,"column":2}},"11":{"start":{"line":23,"column":4},"end":{"line":23,"column":12}},"12":{"start":{"line":24,"column":4},"end":{"line":24,"column":30}},"13":{"start":{"line":27,"column":0},"end":{"line":61,"column":1}},"14":{"start":{"line":30,"column":4},"end":{"line":54,"column":72}},"15":{"start":{"line":56,"column":4},"end":{"line":58,"column":7}},"16":{"start":{"line":57,"column":8},"end":{"line":57,"column":38}},"17":{"start":{"line":60,"column":4},"end":{"line":60,"column":23}},"18":{"start":{"line":62,"column":0},"end":{"line":62,"column":40}},"19":{"start":{"line":64,"column":0},"end":{"line":72,"column":1}},"20":{"start":{"line":66,"column":4},"end":{"line":66,"column":29}},"21":{"start":{"line":67,"column":4},"end":{"line":67,"column":18}},"22":{"start":{"line":68,"column":4},"end":{"line":70,"column":38}},"23":{"start":{"line":71,"column":4},"end":{"line":71,"column":12}},"24":{"start":{"line":74,"column":0},"end":{"line":83,"column":1}},"25":{"start":{"line":76,"column":4},"end":{"line":76,"column":48}},"26":{"start":{"line":78,"column":4},"end":{"line":80,"column":5}},"27":{"start":{"line":79,"column":8},"end":{"line":79,"column":27}},"28":{"start":{"line":82,"column":4},"end":{"line":82,"column":16}},"29":{"start":{"line":84,"column":0},"end":{"line":84,"column":30}},"30":{"start":{"line":86,"column":0},"end":{"line":96,"column":2}},"31":{"start":{"line":88,"column":4},"end":{"line":94,"column":7}},"32":{"start":{"line":89,"column":8},"end":{"line":91,"column":61}},"33":{"start":{"line":93,"column":8},"end":{"line":93,"column":84}},"34":{"start":{"line":98,"column":0},"end":{"line":104,"column":1}},"35":{"start":{"line":101,"column":4},"end":{"line":103,"column":6}},"36":{"start":{"line":102,"column":8},"end":{"line":102,"column":34}},"37":{"start":{"line":105,"column":0},"end":{"line":105,"column":32}},"38":{"start":{"line":107,"column":0},"end":{"line":110,"column":1}},"39":{"start":{"line":109,"column":4},"end":{"line":109,"column":47}},"40":{"start":{"line":111,"column":0},"end":{"line":111,"column":38}},"41":{"start":{"line":113,"column":0},"end":{"line":117,"column":1}},"42":{"start":{"line":116,"column":4},"end":{"line":116,"column":23}},"43":{"start":{"line":119,"column":0},"end":{"line":131,"column":1}},"44":{"start":{"line":121,"column":4},"end":{"line":121,"column":20}},"45":{"start":{"line":123,"column":4},"end":{"line":124,"column":29}},"46":{"start":{"line":126,"column":4},"end":{"line":128,"column":5}},"47":{"start":{"line":127,"column":8},"end":{"line":127,"column":46}},"48":{"start":{"line":130,"column":4},"end":{"line":130,"column":18}},"49":{"start":{"line":132,"column":0},"end":{"line":132,"column":30}},"50":{"start":{"line":134,"column":0},"end":{"line":155,"column":1}},"51":{"start":{"line":136,"column":4},"end":{"line":136,"column":17}},"52":{"start":{"line":138,"column":4},"end":{"line":144,"column":5}},"53":{"start":{"line":139,"column":8},"end":{"line":139,"column":48}},"54":{"start":{"line":140,"column":11},"end":{"line":144,"column":5}},"55":{"start":{"line":141,"column":8},"end":{"line":141,"column":47}},"56":{"start":{"line":143,"column":8},"end":{"line":143,"column":44}},"57":{"start":{"line":146,"column":4},"end":{"line":152,"column":7}},"58":{"start":{"line":147,"column":8},"end":{"line":151,"column":9}},"59":{"start":{"line":148,"column":12},"end":{"line":148,"column":36}},"60":{"start":{"line":150,"column":12},"end":{"line":150,"column":27}},"61":{"start":{"line":154,"column":4},"end":{"line":154,"column":20}},"62":{"start":{"line":156,"column":0},"end":{"line":156,"column":36}},"63":{"start":{"line":158,"column":0},"end":{"line":194,"column":2}},"64":{"start":{"line":161,"column":4},"end":{"line":164,"column":5}},"65":{"start":{"line":162,"column":8},"end":{"line":162,"column":48}},"66":{"start":{"line":163,"column":8},"end":{"line":163,"column":15}},"67":{"start":{"line":166,"column":4},"end":{"line":168,"column":5}},"68":{"start":{"line":167,"column":8},"end":{"line":167,"column":35}},"69":{"start":{"line":170,"column":4},"end":{"line":174,"column":45}},"70":{"start":{"line":176,"column":4},"end":{"line":176,"column":24}},"71":{"start":{"line":177,"column":4},"end":{"line":177,"column":26}},"72":{"start":{"line":179,"column":4},"end":{"line":188,"column":7}},"73":{"start":{"line":180,"column":8},"end":{"line":182,"column":9}},"74":{"start":{"line":181,"column":12},"end":{"line":181,"column":43}},"75":{"start":{"line":184,"column":8},"end":{"line":186,"column":9}},"76":{"start":{"line":185,"column":12},"end":{"line":185,"column":27}},"77":{"start":{"line":187,"column":8},"end":{"line":187,"column":16}},"78":{"start":{"line":190,"column":4},"end":{"line":192,"column":7}},"79":{"start":{"line":191,"column":8},"end":{"line":191,"column":27}},"80":{"start":{"line":193,"column":4},"end":{"line":193,"column":17}}},"branchMap":{"1":{"line":78,"type":"if","locations":[{"start":{"line":78,"column":4},"end":{"line":78,"column":4}},{"start":{"line":78,"column":4},"end":{"line":78,"column":4}}]},"2":{"line":126,"type":"if","locations":[{"start":{"line":126,"column":4},"end":{"line":126,"column":4}},{"start":{"line":126,"column":4},"end":{"line":126,"column":4}}]},"3":{"line":138,"type":"if","locations":[{"start":{"line":138,"column":4},"end":{"line":138,"column":4}},{"start":{"line":138,"column":4},"end":{"line":138,"column":4}}]},"4":{"line":140,"type":"if","locations":[{"start":{"line":140,"column":11},"end":{"line":140,"column":11}},{"start":{"line":140,"column":11},"end":{"line":140,"column":11}}]},"5":{"line":147,"type":"if","locations":[{"start":{"line":147,"column":8},"end":{"line":147,"column":8}},{"start":{"line":147,"column":8},"end":{"line":147,"column":8}}]},"6":{"line":161,"type":"if","locations":[{"start":{"line":161,"column":4},"end":{"line":161,"column":4}},{"start":{"line":161,"column":4},"end":{"line":161,"column":4}}]},"7":{"line":166,"type":"if","locations":[{"start":{"line":166,"column":4},"end":{"line":166,"column":4}},{"start":{"line":166,"column":4},"end":{"line":166,"column":4}}]},"8":{"line":180,"type":"if","locations":[{"start":{"line":180,"column":8},"end":{"line":180,"column":8}},{"start":{"line":180,"column":8},"end":{"line":180,"column":8}}]},"9":{"line":184,"type":"if","locations":[{"start":{"line":184,"column":8},"end":{"line":184,"column":8}},{"start":{"line":184,"column":8},"end":{"line":184,"column":8}}]}},"code":["var nodelint = require('./nodelint');","var optModule = require('./options');","var nopt = require(\"nopt\");","var exit = require('exit'),","    glob = require('glob');","","var LintStream = require('./lintstream.js'),","    ReportStream = require('./reportstream.js'),","    CollectorStream = require('./collectorstream.js'),","    JSONReportStream = require('./jsonreportstream.js'),","    FileOpener = require('./fileopener.js');","","var con = console;","var pro = process;","","exports.setConsole = function (c) {","    'use strict';","    con = c;","};","","exports.setProcess = function (p) {","    'use strict';","    pro = p;","    exit = pro.exit.bind(pro);","};","","function commandOptions() {","    'use strict';","","    var commandOpts = {","            'indent': Number,","            'maxerr': Number,","            'maxlen': Number,","            'predef': [String, Array],","            'edition': String,","            'config': String","        },","        /* flags defined in jslint-latest.js */","        jslintFlags = [","            'ass', 'bitwise', 'browser', 'closure', 'continue',","            'debug', 'devel', 'eqeq', 'evil', 'forin', 'newcap',","            'node', 'nomen', 'passfail', 'plusplus', 'properties',","            'regexp', 'rhino', 'unparam', 'sloppy', 'stupid', 'sub',","            'todo', 'vars', 'white'","        ],","        /* flags used by node-jslint to control output */","        cliFlags = [","            'json', 'color', 'terse', 'version', 'filter'","        ],","        /* not used by jslint-latest.js */","        deprecatedFlags = [","            'anon', 'es5', 'on', 'undef', 'windows'","        ],","        allFlags = jslintFlags.concat(cliFlags).concat(deprecatedFlags);","","    allFlags.forEach(function (option) {","        commandOpts[option] = Boolean;","    });","","    return commandOpts;","}","exports.commandOptions = commandOptions;","","function die(why) {","    'use strict';","    var o = commandOptions();","    con.warn(why);","    con.warn(\"Usage: \" + pro.argv[1] +","            \" [--\" + Object.keys(o).sort().join(\"] [--\") +","            \"] [--] <scriptfile>...\");","    exit(1);","}","","function parseArgs(argv) {","    'use strict';","    var args = nopt(commandOptions(), {}, argv);","","    if (args.filter === undefined) {","        args.filter = true;","    }","","    return args;","}","exports.parseArgs = parseArgs;","","exports.reportVersion = function reportVersion(callback, options) {","    'use strict';","    process.nextTick(function () {","        var package_data = require('../package.json'),","            version = package_data.version,","            edition = nodelint.load(options.edition).edition;","","        callback(\"node-jslint version: \" + version + \"  JSLint edition \" + edition);","    });","","};","","function expandGlob(glob) {","    'use strict';","","    return function (pattern) {","        return glob.sync(pattern);","    };","}","exports.expandGlob = expandGlob;","","function noNodeModules(file) {","    'use strict';","    return file.indexOf('node_modules') === -1;","}","exports.noNodeModules = noNodeModules;","","function flatten(a, b) {","    'use strict';","","    return a.concat(b);","}","","function globFiles(list, glob, filter) {","    'use strict';","    var remain = [];","","    remain = list.map(expandGlob(glob))","        .reduce(flatten, []);","","    if (filter) {","        remain = remain.filter(noNodeModules);","    }","","    return remain;","}","exports.globFiles = globFiles;","","function makeReporter(parsed) {","    'use strict';","    var reporter;","","    if (parsed.json) {","        reporter = new JSONReportStream(parsed);","    } else if (parsed.collector) {","        reporter = new CollectorStream(parsed);","    } else {","        reporter = new ReportStream(parsed);","    }","","    reporter.on('data', function (chunk) {","        if (chunk === '.') {","            pro.stderr.write(chunk);","        } else {","            con.log(chunk);","        }","    });","","    return reporter;","}","exports.makeReporter = makeReporter;","","exports.runMain = function (options, cb) {","    'use strict';","","    if (options.version) {","        exports.reportVersion(con.log, options);","        return;","    }","","    if (!options.argv.remain.length) {","        die(\"No files specified.\");","    }","","    var procOptions = optModule.getOptions(process.env.HOME, options),","        files = globFiles(options.argv.remain, glob, options.filter),","        opener = new FileOpener(),","        linter = new LintStream(procOptions),","        reporter = makeReporter(procOptions);","","    opener.pipe(linter);","    linter.pipe(reporter);","","    reporter.on('finish', function () {","        if (cb) {","            return cb(null, reporter.lint);","        }","","        if (reporter.allOK) {","            return exit(0);","        }","        exit(1);","    });","","    files.forEach(function (file) {","        opener.write(file);","    });","    opener.end();","};",""],"l":{"1":1,"2":1,"3":1,"4":1,"7":1,"13":1,"14":1,"16":1,"18":0,"21":1,"23":0,"24":0,"27":1,"30":0,"56":0,"57":0,"60":0,"62":1,"64":1,"66":0,"67":0,"68":0,"71":0,"74":1,"76":0,"78":0,"79":0,"82":0,"84":1,"86":1,"88":0,"89":0,"93":0,"98":1,"101":0,"102":0,"105":1,"107":1,"109":0,"111":1,"113":1,"116":0,"119":1,"121":0,"123":0,"126":0,"127":0,"130":0,"132":1,"134":1,"136":0,"138":0,"139":0,"140":0,"141":0,"143":0,"146":0,"147":0,"148":0,"150":0,"154":0,"156":1,"158":1,"161":0,"162":0,"163":0,"166":0,"167":0,"170":0,"176":0,"177":0,"179":0,"180":0,"181":0,"184":0,"185":0,"187":0,"190":0,"191":0,"193":0}},"/home/travis/build/npmtest/node-npmtest-jslint/jslint/lib/options.js":{"path":"/home/travis/build/npmtest/node-npmtest-jslint/jslint/lib/options.js","s":{"1":1,"2":1,"3":1,"4":0,"5":1,"6":0,"7":0,"8":0,"9":0,"10":0,"11":0,"12":0,"13":1,"14":1,"15":0,"16":0,"17":0,"18":0,"19":1,"20":1,"21":0,"22":0,"23":1,"24":0,"25":1,"26":0,"27":0,"28":0,"29":0,"30":0,"31":0,"32":1,"33":0,"34":0,"35":0,"36":0,"37":0,"38":1,"39":0,"40":0,"41":0,"42":0,"43":0,"44":0,"45":0,"46":0,"47":0,"48":1,"49":1,"50":0,"51":0,"52":0,"53":0,"54":0,"55":0,"56":0,"57":0,"58":1,"59":1,"60":0,"61":0,"62":1,"63":1,"64":1,"65":1},"b":{"1":[0,0],"2":[0,0],"3":[0,0],"4":[0,0],"5":[0,0],"6":[0,0],"7":[0,0],"8":[0,0],"9":[0,0]},"f":{"1":1,"2":0,"3":0,"4":0,"5":0,"6":0,"7":0,"8":0,"9":0,"10":0,"11":0,"12":0,"13":0,"14":0,"15":0,"16":0},"fnMap":{"1":{"name":"(anonymous_1)","line":1,"loc":{"start":{"line":1,"column":1},"end":{"line":1,"column":13}}},"2":{"name":"(anonymous_2)","line":8,"loc":{"start":{"line":8,"column":25},"end":{"line":8,"column":38}}},"3":{"name":"merge","line":12,"loc":{"start":{"line":12,"column":4},"end":{"line":12,"column":32}}},"4":{"name":"(anonymous_4)","line":19,"loc":{"start":{"line":19,"column":33},"end":{"line":19,"column":49}}},"5":{"name":"loadAndParseConfig","line":29,"loc":{"start":{"line":29,"column":4},"end":{"line":29,"column":42}}},"6":{"name":"addDefaults","line":40,"loc":{"start":{"line":40,"column":4},"end":{"line":40,"column":34}}},"7":{"name":"notFalsy","line":47,"loc":{"start":{"line":47,"column":4},"end":{"line":47,"column":25}}},"8":{"name":"splitPredefs","line":51,"loc":{"start":{"line":51,"column":4},"end":{"line":51,"column":35}}},"9":{"name":"preprocessOptions","line":64,"loc":{"start":{"line":64,"column":4},"end":{"line":64,"column":48}}},"10":{"name":"mergeConfigs","line":76,"loc":{"start":{"line":76,"column":4},"end":{"line":76,"column":41}}},"11":{"name":"(anonymous_11)","line":81,"loc":{"start":{"line":81,"column":18},"end":{"line":81,"column":34}}},"12":{"name":"(anonymous_12)","line":86,"loc":{"start":{"line":86,"column":21},"end":{"line":86,"column":37}}},"13":{"name":"loadConfig","line":97,"loc":{"start":{"line":97,"column":4},"end":{"line":97,"column":39}}},"14":{"name":"(anonymous_14)","line":106,"loc":{"start":{"line":106,"column":42},"end":{"line":106,"column":58}}},"15":{"name":"(anonymous_15)","line":111,"loc":{"start":{"line":111,"column":44},"end":{"line":111,"column":60}}},"16":{"name":"options_getOptions","line":119,"loc":{"start":{"line":119,"column":4},"end":{"line":119,"column":50}}}},"statementMap":{"1":{"start":{"line":1,"column":0},"end":{"line":130,"column":5}},"2":{"start":{"line":4,"column":4},"end":{"line":6,"column":22}},"3":{"start":{"line":8,"column":4},"end":{"line":10,"column":6}},"4":{"start":{"line":9,"column":8},"end":{"line":9,"column":16}},"5":{"start":{"line":12,"column":4},"end":{"line":26,"column":5}},"6":{"start":{"line":13,"column":8},"end":{"line":13,"column":34}},"7":{"start":{"line":15,"column":8},"end":{"line":17,"column":9}},"8":{"start":{"line":16,"column":12},"end":{"line":16,"column":26}},"9":{"start":{"line":19,"column":8},"end":{"line":23,"column":11}},"10":{"start":{"line":20,"column":12},"end":{"line":22,"column":13}},"11":{"start":{"line":21,"column":16},"end":{"line":21,"column":41}},"12":{"start":{"line":25,"column":8},"end":{"line":25,"column":22}},"13":{"start":{"line":27,"column":4},"end":{"line":27,"column":26}},"14":{"start":{"line":29,"column":4},"end":{"line":37,"column":5}},"15":{"start":{"line":30,"column":8},"end":{"line":36,"column":9}},"16":{"start":{"line":31,"column":12},"end":{"line":31,"column":66}},"17":{"start":{"line":33,"column":12},"end":{"line":35,"column":13}},"18":{"st
[...]
:0,"26":0,"27":0,"29":0,"32":0,"35":0,"42":0,"45":1,"47":1,"50":0,"52":0,"54":0,"57":1,"59":1}},"/home/travis/build/npmtest/node-npmtest-jslint/jslint/lib/reporter.js":{"path":"/home/travis/build/npmtest/node-npmtest-jslint/jslint/lib/reporter.js","s":{"1":1,"2":1,"3":1,"4":1,"5":0,"6":1,"7":0,"8":0,"9":1,"10":0,"11":1,"12":0,"13":0,"14":0,"15":0,"16":1,"17":0,"18":1,"19":0,"20":1,"21":0,"22":1,"23":0,"24":0,"25":0,"26":0,"27":0,"28":0,"29":0,"30":0,"31":0,"32":0,"33":0,"34":0,"35":0,"36":0,"37":0,"38":0,"39":0,"40":0,"41":0,"42":0},"b":{"1":[0,0],"2":[0,0],"3":[0,0],"4":[0,0],"5":[0,0,0,0],"6":[0,0],"7":[0,0],"8":[0,0],"9":[0,0]},"f":{"1":1,"2":0,"3":0,"4":0,"5":0,"6":0,"7":0,"8":0,"9":0,"10":0,"11":0,"12":0,"13":0},"fnMap":{"1":{"name":"(anonymous_1)","line":1,"loc":{"start":{"line":1,"column":1},"end":{"line":1,"column":13}}},"2":{"name":"(anonymous_2)","line":11,"loc":{"start":{"line":11,"column":24},"end":{"line":11,"column":37}}},"3":{"name":"(anonymous_3)","line":15,"loc":{"start":{"line":15,"column":27},"end":{"line":15,"column":62}}},"4":{"name":"(anonymous_4)","line":20,"loc":{"start":{"line":20,"column":20},"end":{"line":20,"column":42}}},"5":{"name":"(anonymous_5)","line":26,"loc":{"start":{"line":26,"column":21},"end":{"line":26,"column":60}}},"6":{"name":"c","line":34,"loc":{"start":{"line":34,"column":8},"end":{"line":34,"column":32}}},"7":{"name":"row","line":43,"loc":{"start":{"line":43,"column":8},"end":{"line":43,"column":24}}},"8":{"name":"col","line":46,"loc":{"start":{"line":46,"column":8},"end":{"line":46,"column":24}}},"9":{"name":"evidence","line":49,"loc":{"start":{"line":49,"column":8},"end":{"line":49,"column":29}}},"10":{"name":"message","line":52,"loc":{"start":{"line":52,"column":8},"end":{"line":52,"column":28}}},"11":{"name":"(anonymous_11)","line":59,"loc":{"start":{"line":59,"column":35},"end":{"line":59,"column":48}}},"12":{"name":"(anonymous_12)","line":64,"loc":{"start":{"line":64,"column":31},"end":{"line":64,"column":44}}},"13":{"name":"(anonymous_13)","line":69,"loc":{"start":{"line":69,"column":31},"end":{"line":69,"column":47}}}},"statementMap":{"1":{"start":{"line":1,"column":0},"end":{"line":91,"column":5}},"2":{"start":{"line":4,"column":4},"end":{"line":4,"column":35}},"3":{"start":{"line":6,"column":4},"end":{"line":9,"column":6}},"4":{"start":{"line":11,"column":4},"end":{"line":13,"column":6}},"5":{"start":{"line":12,"column":8},"end":{"line":12,"column":24}},"6":{"start":{"line":15,"column":4},"end":{"line":24,"column":6}},"7":{"start":{"line":16,"column":8},"end":{"line":23,"column":10}},"8":{"start":{"line":21,"column":16},"end":{"line":21,"column":88}},"9":{"start":{"line":26,"column":4},"end":{"line":89,"column":6}},"10":{"start":{"line":27,"column":8},"end":{"line":32,"column":24}},"11":{"start":{"line":34,"column":8},"end":{"line":39,"column":9}},"12":{"start":{"line":35,"column":12},"end":{"line":37,"column":13}},"13":{"start":{"line":36,"column":16},"end":{"line":36,"column":42}},"14":{"start":{"line":38,"column":12},"end":{"line":38,"column":23}},"15":{"start":{"line":41,"column":8},"end":{"line":41,"column":45}},"16":{"start":{"line":43,"column":8},"end":{"line":45,"column":9}},"17":{"start":{"line":44,"column":12},"end":{"line":44,"column":34}},"18":{"start":{"line":46,"column":8},"end":{"line":48,"column":9}},"19":{"start":{"line":47,"column":12},"end":{"line":47,"column":53}},"20":{"start":{"line":49,"column":8},"end":{"line":51,"column":9}},"21":{"start":{"line":50,"column":12},"end":{"line":50,"column":74}},"22":{"start":{"line":52,"column":8},"end":{"line":54,"column":9}},"23":{"start":{"line":53,"column":12},"end":{"line":53,"column":41}},"24":{"start":{"line":56,"column":8},"end":{"line":86,"column":9}},"25":{"start":{"line":58,"column":12},"end":{"line":58,"column":33}},"26":{"start":{"line":59,"column":12},"end":{"line":61,"column":15}},"27":{"start":{"line":60,"column":16},"end":{"line":60,"column":25}},"28":{"start":{"line":63,"column":12},"end":{"line":79,"column":13}},"29":{"start":{"line":64,"column":16},"end":{"line":66,"column":19}},"30":{"start":{"line":65,"column":20},"end":{"line":65,"column":87}},"31":{"start":{"line":68,"column":16},"end":{"line":68,"column":40}},"32":{"start":{"line":69,"column":16},"end":{"line":78,"column":19}},"33":{"start":{"line":70,"column":20},"end":{"line":70,"column":46}},"34":{"start":{"line":71,"column":20},"end":{"line":73,"column":21}},"35":{"start":{"line":72,"column":24},"end":{"line":72,"column":40}},"36":{"start":{"line":74,"column":20},"end":{"line":74,"column":68}},"37":{"start":{"line":76,"column":20},"end":{"line":76,"column":68}},"38":{"start":{"line":77,"column":20},"end":{"line":77,"column":78}},"39":{"start":{"line":81,"column":12},"end":{"line":85,"column":13}},"40":{"start":{"line":82,"column":16},"end":{"line":82,"column":32}},"41":{"start":{"line":84,"column":16},"end":{"line":84,"column":74}},"42":{"start":{"line":88,"column":8},"end":{"line":88,"column":23}}},"branchMap":{"1":{"line":30,"type":"binary-expr","locations":[{"start":{"line":30,"column":20},"end":{"line":30,"column":60}},{"start":{"line":30,"column":64},"end":{"line":30,"column":65}}]},"2":{"line":30,"type":"binary-expr","locations":[{"start":{"line":30,"column":27},"end":{"line":30,"column":38}},{"start":{"line":30,"column":42},"end":{"line":30,"column":59}}]},"3":{"line":35,"type":"if","locations":[{"start":{"line":35,"column":12},"end":{"line":35,"column":12}},{"start":{"line":35,"column":12},"end":{"line":35,"column":12}}]},"4":{"line":47,"type":"binary-expr","locations":[{"start":{"line":47,"column":20},"end":{"line":47,"column":31}},{"start":{"line":47,"column":35},"end":{"line":47,"column":43}}]},"5":{"line":50,"type":"binary-expr","locations":[{"start":{"line":50,"column":19},"end":{"line":50,"column":29}},{"start":{"line":50,"column":34},"end":{"line":50,"column":44}},{"start":{"line":50,"column":48},"end":{"line":50,"column":66}},{"start":{"line":50,"column":71},"end":{"line":50,"column":73}}]},"6":{"line":53,"type":"binary-expr","locations":[{"start":{"line":53,"column":19},"end":{"line":53,"column":27}},{"start":{"line":53,"column":31},"end":{"line":53,"column":40}}]},"7":{"line":56,"type":"if","locations":[{"start":{"line":56,"column":8},"end":{"line":56,"column":8}},{"start":{"line":56,"column":8},"end":{"line":56,"column":8}}]},"8":{"line":63,"type":"if","locations":[{"start":{"line":63,"column":12},"end":{"line":63,"column":12}},{"start":{"line":63,"column":12},"end":{"line":63,"column":12}}]},"9":{"line":81,"type":"if","locations":[{"start":{"line":81,"column":12},"end":{"line":81,"column":12}},{"start":{"line":81,"column":12},"end":{"line":81,"column":12}}]}},"code":["(function () {","    'use strict';","","    var color = require(\"./color\");","","    exports.logger = {","        log: (console.log).bind(console),","        err: (process.stderr.write).bind(process.stderr)","    };","","    exports.setLogger = function (l) {","        this.logger = l;","    };","","    exports.makeReporter = function (logger, colorize, terse) {","        return {","            logger: logger,","            colorize: colorize,","            terse: terse,","            report: function (file, lint) {","                return exports.report.call(this, file, lint, this.colorize, this.terse);","            }","        };","    };","","    exports.report = function (file, lint, colorize, terse) {","        var line,","            pad,","            errors,","            fudge = Number(lint.option && lint.option.fudge) || 0,","            logger = this.logger,","            fileMessage;","","        function c(format, str) {","            if (colorize) {","                return color[format](str);","            }","            return str;","        }","","        fileMessage = \"\\n\" + c('bold', file);","","        function row(e) {","            return e.line + fudge;","        }","        function col(e) {","            return (e.character || e.column) + fudge;","        }","        function evidence(e) {","            return e.evidence || (lint.lines && lint.lines[e.line]) || '';","        }","        function message(e) {","            return e.reason || e.message;","        }","","        if (!lint.ok) {","            // remove nulls","            errors = lint.errors;// || lint.warnings;","            errors = errors.filter(function (e) {","                return e;","            });","","            if (terse) {","                errors.forEach(function (e) {","                    logger.log(file + ':' + row(e) + ':' + col(e) + ': ' + message(e));","                });","            } else {","                logger.log(fileMessage);","                errors.forEach(function (e, i) {","                    pad = \"#\" + String(i + 1);","                    while (pad.length < 3) {","                        pad = ' ' + pad;","                    }","                    line = ' // Line ' + row(e) + ', Pos ' + col(e);","","                    logger.log(pad + ' ' + c('yellow', message(e)));","                    logger.log('    ' + evidence(e).trim() + c('grey', line));","                });","            }","        } else {","            if (terse) {","                logger.err(\".\");","            } else {","                logger.log(fileMessage + \" is \" + c('green', 'OK') + \".\");","            }","        }","","        return lint.ok;","    };","","}());",""],"l":{"1":1,"4":1,"6":1,"11":1,"12":0,"15":1,"16":0,"21":0,"26":1,"27":0,"34":1,"35":0,"36":0,"38":0,"41":0,"43":1,"44":0,"46":1,"47":0,"49":1,"50":0,"52":1,"53":0,"56":0,"58":0,"59":0,"60":0,"63":0,"64":0,"65":0,"68":0,"69":0,"70":0,"71":0,"72":0,"74":0,"76":0,"77":0,"81":0,"82":0,"84":0,"88":0}},"/home/travis/build/npmtest/node-npmtest-jslint/jslint/lib/color.js":{"path":"/home/travis/build/npmtest/node-npmtest-jslint/jslint/lib/color.js","s":{"1":1,"2":0,"3":1,"4":6,"5":0,"6":1},"b":{},"f":{"1":0,"2":6,"3":0},"fnMap":{"1":{"name":"color","line":1,"loc":{"start":{"line":1,"column":0},"end":{"line":1,"column":29}}},"2":{"name":"factory","line":6,"loc":{"start":{"line":6,"column":0},"end":{"line":6,"column":23}}},"3":{"name":"(anonymous_3)","line":8,"loc":{"start":{"line":8,"column":11},"end":{"line":8,"column":29}}}},"statementMap":{"1":{"start":{"line":1,"column":0},"end":{"line":4,"column":1}},"2":{"start":{"line":3,"column":4},"end":{"line":3,"column":57}},"3":{"start":{"line":6,"column":0},"end":{"line":11,"column":1}},"4":{"start":{"line":8,"column":4},"end":{"line":10,"column":6}},"5":{"start":{"line":9,"column":8},"end":{"line":9,"column":35}},"6":{"start":{"line":13,"column":0},"end":{"line":20,"column":2}}},"branchMap":{},"code":["function color(code, string) {","    'use strict';","    return \"\\u001b[\" + code + \"m\" + string + \"\\u001b[0m\";","}","","function factory(code) {","    'use strict';","    return function (string) {","        return color(code, string);","    };","}","","module.exports = {","    bold: factory(1),","    red: factory(31),","    green: factory(32),","    yellow: factory(33),","    blue: factory(34),","    grey: factory(90)","};",""],"l":{"1":1,"3":0,"6":1,"8":6,"9":0,"13":1}},"/home/travis/build/npmtest/node-npmtest-jslint/jslint/lib/collectorstream.js":{"path":"/home/travis/build/npmtest/node-npmtest-jslint/jslint/lib/collectorstream.js","s":{"1":1,"2":1,"3":0,"4":0,"5":0,"6":0,"7":0,"8":1,"9":1,"10":0,"11":0,"12":0,"13":1,"14":1},"b":{"1":[0,0],"2":[0,0]},"f":{"1":0,"2":0},"fnMap":{"1":{"name":"CollectorStream_constructor","line":15,"loc":{"start":{"line":15,"column":18},"end":{"line":15,"column":64}}},"2":{"name":"CollectorStream_transform","line":28,"loc":{"start":{"line":28,"column":0},"end":{"line":28,"column":60}}}},"statementMap":{"1":{"start":{"line":11,"column":0},"end":{"line":13,"column":20}},"2":{"start":{"line":15,"column":0},"end":{"line":25,"column":2}},"3":{"start":{"line":16,"column":4},"end":{"line":18,"column":5}},"4":{"start":{"line":17,"column":8},"end":{"line":17,"column":44}},"5":{"start":{"line":20,"column":4},"end":{"line":20,"column":45}},"6":{"start":{"line":22,"column":4},"end":{"line":22,"column":19}},"7":{"start":{"line":24,"column":4},"end":{"line":24,"column":22}},"8":{"start":{"line":26,"column":0},"end":{"line":26,"column":42}},"9":{"start":{"line":28,"column":0},"end":{"line":35,"column":1}},"10":{"start":{"line":30,"column":4},"end":{"line":30,"column":54}},"11":{"start":{"line":32,"column":4},"end":{"line":32,"column":47}},"12":{"start":{"line":34,"column":4},"end":{"line":34,"column":15}},"13":{"start":{"line":37,"column":0},"end":{"line":37,"column":65}},"14":{"start":{"line":39,"column":0},"end":{"line":39,"column":33}}},"branchMap":{"1":{"line":16,"type":"if","locations":[{"start":{"line":16,"column":4},"end":{"line":16,"column":4}},{"start":{"line":16,"column":4},"end":{"line":16,"column":4}}]},"2":{"line":32,"type":"binary-expr","locations":[{"start":{"line":32,"column":17},"end":{"line":32,"column":27}},{"start":{"line":32,"column":31},"end":{"line":32,"column":46}}]}},"code":["// this file is lib/collectorstream.js","// provides a stream interface to JSLint","//","// Copyright 2014 Cubane Canada Inc.","//","// Released under modified MIT/BSD 3-clause license","// See LICENSE for details.","","'use strict';","","var util = require('util'),","    Transform = require('./stream').Transform,","    CollectorStream;","","CollectorStream = function CollectorStream_constructor(options) {","    if (!(this instanceof CollectorStream)) {","        return new CollectorStream(options);","    }","","    Transform.call(this, {objectMode: true});","","    this.lint = [];","","    this.allOK = true;","};","util.inherits(CollectorStream, Transform);","","function CollectorStream_transform(chunk, ignore, callback) {","    // chunk: a package of lint data from JSLint","    this.lint.push([chunk.file, chunk.linted.errors]);","","    this.allOK = this.allOK && chunk.linted.ok;","","    callback();","}","","CollectorStream.prototype._transform = CollectorStream_transform;","","module.exports = CollectorStream;",""],"l":{"11":1,"15":1,"16":0,"17":0,"20":0,"22":0,"24":0,"26":1,"28":1,"30":0,"32":0,"34":0,"37":1,"39":1}},"/home/travis/build/npmtest/node-npmtest-jslint/jslint/lib/jsonreportstream.js":{"path":"/home/travis/build/npmtest/node-npmtest-jslint/jslint/lib/jsonreportstream.js","s":{"1":1,"2":1,"3":1,"4":0,"5":0,"6":0,"7":0,"8":1,"9":1,"10":0,"11":0,"12":0,"13":1,"14":1},"b":{"1":[0,0],"2":[0,0]},"f":{"1":1,"2":0,"3":0},"fnMap":{"1":{"name":"(anonymous_1)","line":9,"loc":{"start":{"line":9,"column":1},"end":{"line":9,"column":13}}},"2":{"name":"JSONReportStream_constructor","line":16,"loc":{"start":{"line":16,"column":23},"end":{"line":16,"column":70}}},"3":{"name":"JSONReportStream_transform","line":27,"loc":{"start":{"line":27,"column":4},"end":{"line":27,"column":65}}}},"statementMap":{"1":{"start":{"line":9,"column":0},"end":{"line":40,"column":5}},"2":{"start":{"line":12,"column":4},"end":{"line":14,"column":25}},"3":{"start":{"line":16,"column":4},"end":{"line":24,"column":6}},"4":{"start":{"line":17,"column":8},"end":{"line":19,"column":9}},"5":{"start":{"line":18,"column":12},"end":{"line":18,"column":49}},"6":{"start":{"line":21,"column":8},"end":{"line":21,"column":49}},"7":{"start":{"line":23,"column":8},"end":{"line":23,"column":26}},"8":{"start":{"line":25,"column":4},"end":{"line":25,"column":47}},"9":{"start":{"line":27,"column":4},"end":{"line":34,"column":5}},"10":{"start":{"line":29,"column":8},"end":{"line":29,"column":77}},"11":{"start":{"line":31,"column":8},"end":{"line":31,"column":51}},"12":{"start":{"line":33,"column":8},"end":{"line":33,"column":19}},"13":{"start":{"line":36,"column":4},"end":{"line":36,"column":71}},"14":{"start":{"line":38,"column":4},"end":{"line":38,"column":38}}},"branchMap":{"1":{"line":17,"type":"if","locations":[{"start":{"line":17,"column":8},"end":{"line":17,"column":8}},{"start":{"line":17,"column":8},"end":{"line":17,"column":8}}]},"2":{"line":31,"type":"binary-expr","locations":[{"start":{"line":31,"column":21},"end":{"line":31,"column":31}},{"start":{"line":31,"column":35},"end":{"line":31,"column":50}}]}},"code":["// this file is lib/reportstream.js","// provides a stream interface to JSLint","//","// Copyright 2014 Cubane Canada Inc.","//","// Released under modified MIT/BSD 3-clause license","// See LICENSE for details.","","(function () {","    'use strict';","","    var util = require('util'),","        Transform = require('./stream').Transform,","        JSONReportStream;","","    JSONReportStream = function JSONReportStream_constructor(options) {","        if (!(this instanceof JSONReportStream)) {","            return new JSONReportStream(options);","        }","","        Transform.call(this, {objectMode: true});","","        this.allOK = true;","    };","    util.inherits(JSONReportStream, Transform);","","    function JSONReportStream_transform(chunk, ignore, callback) {","        // chunk: a package of lint data from JSLint","        this.emit('data', JSON.stringify([chunk.file, chunk.linted.errors]));","","        this.allOK = this.allOK && chunk.linted.ok;","","        callback();","    }","","    JSONReportStream.prototype._transform = JSONReportStream_transform;","","    module.exports = JSONReportStream;","","}());",""],"l":{"9":1,"12":1,"16":1,"17":0,"18":0,"21":0,"23":0,"25":1,"27":1,"29":0,"31":0,"33":0,"36":1,"38":1}},"/home/travis/build/npmtest/node-npmtest-jslint/jslint/lib/fileopener.js":{"path":"/home/travis/build/npmtest/node-npmtest-jslint/jslint/lib/fileopener.js","s":{"1":1,"2":1,"3":0,"4":1,"5":1,"6":0,"7":0,"8":0,"9":0,"10":0,"11":0,"12":0,"13":1,"14":1},"b":{"1":[0,0]},"f":{"1":0,"2":0,"3":0},"fnMap":{"1":{"name":"FileOpener","line":7,"loc":{"start":{"line":7,"column":0},"end":{"line":7,"column":22}}},"2":{"name":"FileOpener_transform","line":13,"loc":{"start":{"line":13,"column":0},"end":{"line":13,"column":54}}},"3":{"name":"(anonymous_3)","line":15,"loc":{"start":{"line":15,"column":30},"end":{"line":15,"column":51}}}},"statementMap":{"1":{"start":{"line":3,"column":0},"end":{"line":5,"column":23}},"2":{"start":{"line":7,"column":0},"end":{"line":9,"column":1}},"3":{"start":{"line":8,"column":4},"end":{"line":8,"column":45}},"4":{"start":{"line":11,"column":0},"end":{"line":11,"column":37}},"5":{"start":{"line":13,"column":0},"end":{"line":24,"column":1}},"6":{"start":{"line":14,"column":4},"end":{"line":14,"column":22}},"7":{"start":{"line":15,"column":4},"end":{"line":23,"column":7}},"8":{"start":{"line":16,"column":8},"end":{"line":19,"column":9}},"9":{"start":{"line":17,"column":12},"end":{"line":17,"column":38}},"10":{"start":{"line":18,"column":12},"end":{"line":18,"column":19}},"11":{"start":{"line":21,"column":8},"end":{"line":21,"column":46}},"12":{"start":{"line":22,"column":8},"end":{"line":22,"column":19}},"13":{"start":{"line":26,"column":0},"end":{"line":26,"column":55}},"14":{"start":{"line":28,"column":0},"end":{"line":28,"column":28}}},"branchMap":{"1":{"line":16,"type":"if","locations":[{"start":{"line":16,"column":8},"end":{"line":16,"column":8}},{"start":{"line":16,"column":8},"end":{"line":16,"column":8}}]}},"code":["'use strict';","","var util = require('util'),","    Transform = require('./stream').Transform,","    fs = require('fs');","","function FileOpener() {","    Transform.call(this, {objectMode: true});","}","","util.inherits(FileOpener, Transform);","","function FileOpener_transform(file, ignore, callback) {","    var stream = this;","    fs.readFile(file, 'utf8', function (err, data) {","        if (err) {","            stream.emit('error', err);","            return;","        }","","        stream.push({file: file, body: data});","        callback();","    });","}","","FileOpener.prototype._transform = FileOpener_transform;","","module.exports = FileOpener;","",""],"l":{"3":1,"7":1,"8":0,"11":1,"13":1,"14":0,"15":0,"16":0,"17":0,"18":0,"21":0,"22":0,"26":1,"28":1}}}